#
# There is insufficient memory for the Java Runtime Environment to continue.
# Native memory allocation (mmap) failed to map 65536 bytes for Failed to commit metaspace.
# Possible reasons:
#   The system is out of physical RAM or swap space
#   The process is running with CompressedOops enabled, and the Java Heap may be blocking the growth of the native heap
# Possible solutions:
#   Reduce memory load on the system
#   Increase physical memory or swap space
#   Check if swap backing store is full
#   Decrease Java heap size (-Xmx/-Xms)
#   Decrease number of Java threads
#   Decrease Java thread stack sizes (-Xss)
#   Set larger code cache with -XX:ReservedCodeCacheSize=
#   JVM is running with Unscaled Compressed Oops mode in which the Java heap is
#     placed in the first 4GB address space. The Java Heap base address is the
#     maximum limit for the native heap growth. Please use -XX:HeapBaseMinAddress
#     to set the Java Heap base and to place the Java Heap above 4GB virtual address.
# This output file may be truncated or incomplete.
#
#  Out of Memory Error (virtualSpaceNode.cpp:110), pid=98580, tid=96704
#
# JRE version: Java(TM) SE Runtime Environment (19.0.2+7) (build 19.0.2+7-44)
# Java VM: Java HotSpot(TM) 64-Bit Server VM (19.0.2+7-44, mixed mode, tiered, compressed oops, compressed class ptrs, g1 gc, windows-amd64)
# No core dump will be written. Minidumps are not enabled by default on client versions of Windows
#

---------------  S U M M A R Y ------------

Command Line: -Dfile.encoding=UTF-8 --module-path=C:\Users\maria\Downloads\mysql-connector-j-8.1.0\mysql-connector-j-8.1.0\mysql-connector-j-8.1.0.jar -XX:+ShowCodeDetailsInExceptionMessages Teste

Host: Intel(R) Celeron(R) N4020 CPU @ 1.10GHz, 2 cores, 3G,  Windows 11 , 64 bit Build 22621 (10.0.22621.2215)
Time: Mon Oct  2 22:47:32 2023 Hora Padrão de Caracas elapsed time: 0.610322 seconds (0d 0h 0m 0s)

---------------  T H R E A D  ---------------

Current thread (0x000001558a455050):  JavaThread "main" [_thread_in_vm, id=96704, stack(0x0000002956d00000,0x0000002956e00000)]

Stack: [0x0000002956d00000,0x0000002956e00000]
Native frames: (J=compiled Java code, j=interpreted, Vv=VM code, C=native code)
V  [jvm.dll+0x6ee21a]
V  [jvm.dll+0x85765e]
V  [jvm.dll+0x85904e]
V  [jvm.dll+0x859703]
V  [jvm.dll+0x28298f]
V  [jvm.dll+0x8532db]
V  [jvm.dll+0x692cb6]
V  [jvm.dll+0x692d1a]
V  [jvm.dll+0x695613]
V  [jvm.dll+0x6954de]
V  [jvm.dll+0x6936de]
V  [jvm.dll+0x26e12f]
V  [jvm.dll+0x69dcc5]
V  [jvm.dll+0x21e072]
V  [jvm.dll+0x21e5a5]
V  [jvm.dll+0x21ef01]
V  [jvm.dll+0x2146a1]
V  [jvm.dll+0x5a9cb6]
V  [jvm.dll+0x2257aa]
V  [jvm.dll+0x7cc802]
V  [jvm.dll+0x7cdc4a]
V  [jvm.dll+0x7cdf78]
V  [jvm.dll+0x271e1b]
V  [jvm.dll+0x3dbc8a]
C  0x000001559991171a

Java frames: (J=compiled Java code, j=interpreted, Vv=VM code)
j  java.lang.invoke.Invokers.<clinit>()V+45 java.base@19.0.2
v  ~StubRoutines::call_stub 0x00000155998f1016
j  java.lang.invoke.MethodType.invokers()Ljava/lang/invoke/Invokers;+12 java.base@19.0.2
j  java.lang.invoke.LambdaForm$NamedFunction.<init>(Ljava/lang/invoke/MethodType;)V+39 java.base@19.0.2
j  java.lang.invoke.LambdaForm$Name.<init>(Ljava/lang/invoke/MethodType;[Ljava/lang/Object;)V+6 java.base@19.0.2
j  java.lang.invoke.DelegatingMethodHandle.makeReinvokerForm(Ljava/lang/invoke/MethodHandle;ILjava/lang/Object;ZLjava/lang/invoke/LambdaForm$NamedFunction;Ljava/lang/invoke/LambdaForm$NamedFunction;)Ljava/lang/invoke/LambdaForm;+303 java.base@19.0.2
j  java.lang.invoke.DelegatingMethodHandle.makeReinvokerForm(Ljava/lang/invoke/MethodHandle;ILjava/lang/Object;Ljava/lang/invoke/LambdaForm$NamedFunction;)Ljava/lang/invoke/LambdaForm;+6 java.base@19.0.2
j  java.lang.invoke.BoundMethodHandle.makeReinvoker(Ljava/lang/invoke/MethodHandle;)Ljava/lang/invoke/BoundMethodHandle;+13 java.base@19.0.2
j  java.lang.invoke.DirectMethodHandle.rebind()Ljava/lang/invoke/BoundMethodHandle;+1 java.base@19.0.2
j  java.lang.invoke.MethodHandles.dropArgumentsTrusted(Ljava/lang/invoke/MethodHandle;I[Ljava/lang/Class;)Ljava/lang/invoke/MethodHandle;+29 java.base@19.0.2
j  java.lang.invoke.MethodHandles.dropArguments(Ljava/lang/invoke/MethodHandle;I[Ljava/lang/Class;)Ljava/lang/invoke/MethodHandle;+9 java.base@19.0.2
j  jdk.internal.reflect.MethodHandleAccessorFactory.makeSpecializedTarget(Ljava/lang/invoke/MethodHandle;ZZ)Ljava/lang/invoke/MethodHandle;+86 java.base@19.0.2
j  jdk.internal.reflect.MethodHandleAccessorFactory.getDirectMethod(Ljava/lang/reflect/Method;Z)Ljava/lang/invoke/MethodHandle;+79 java.base@19.0.2
j  jdk.internal.reflect.MethodHandleAccessorFactory.newMethodAccessor(Ljava/lang/reflect/Method;Z)Ljdk/internal/reflect/MethodAccessorImpl;+41 java.base@19.0.2
j  jdk.internal.reflect.ReflectionFactory.newMethodAccessor(Ljava/lang/reflect/Method;Z)Ljdk/internal/reflect/MethodAccessor;+28 java.base@19.0.2
j  java.lang.reflect.Method.acquireMethodAccessor()Ljdk/internal/reflect/MethodAccessor;+38 java.base@19.0.2
j  java.lang.reflect.Method.invoke(Ljava/lang/Object;[Ljava/lang/Object;)Ljava/lang/Object;+75 java.base@19.0.2
j  java.lang.Class.getEnumConstantsShared()[Ljava/lang/Object;+49 java.base@19.0.2
j  java.lang.System$2.getEnumConstantsShared(Ljava/lang/Class;)[Ljava/lang/Enum;+1 java.base@19.0.2
j  java.util.EnumMap.getKeyUniverse(Ljava/lang/Class;)[Ljava/lang/Enum;+4 java.base@19.0.2
j  java.util.EnumMap.<init>(Ljava/lang/Class;)V+16 java.base@19.0.2
j  java.util.stream.StreamOpFlag.set(Ljava/util/stream/StreamOpFlag$Type;)Ljava/util/stream/StreamOpFlag$MaskBuilder;+10 java.base@19.0.2
j  java.util.stream.StreamOpFlag.<clinit>()V+11 java.base@19.0.2
v  ~StubRoutines::call_stub 0x00000155998f1016
j  java.util.stream.StreamSupport.stream(Ljava/util/Spliterator;Z)Ljava/util/stream/Stream;+11 java.base@19.0.2
j  java.util.Collection.stream()Ljava/util/stream/Stream;+7 java.base@19.0.2
j  jdk.internal.module.DefaultRoots.compute(Ljava/lang/module/ModuleFinder;Ljava/lang/module/ModuleFinder;)Ljava/util/Set;+6 java.base@19.0.2
j  jdk.internal.module.ModuleBootstrap.boot2()Ljava/lang/ModuleLayer;+727 java.base@19.0.2
j  jdk.internal.module.ModuleBootstrap.boot()Ljava/lang/ModuleLayer;+64 java.base@19.0.2
j  java.lang.System.initPhase2(ZZ)I+0 java.base@19.0.2
v  ~StubRoutines::call_stub 0x00000155998f1016

---------------  P R O C E S S  ---------------

Threads class SMR info:
_java_thread_list=0x00000155a56bc450, length=10, elements={
0x000001558a455050, 0x00000155a56e5550, 0x00000155a56e6c80, 0x00000155a56e8610,
0x00000155a56ca620, 0x00000155a56caf50, 0x00000155a56cb880, 0x00000155a56cc4e0,
0x00000155a9968ec0, 0x00000155a9970020
}

Java Threads: ( => current thread )
=>0x000001558a455050 JavaThread "main" [_thread_in_vm, id=96704, stack(0x0000002956d00000,0x0000002956e00000)]
  0x00000155a56e5550 JavaThread "Reference Handler" daemon [_thread_blocked, id=100328, stack(0x0000002957400000,0x0000002957500000)]
  0x00000155a56e6c80 JavaThread "Finalizer" daemon [_thread_blocked, id=99292, stack(0x0000002957500000,0x0000002957600000)]
  0x00000155a56e8610 JavaThread "Signal Dispatcher" daemon [_thread_blocked, id=97612, stack(0x0000002957600000,0x0000002957700000)]
  0x00000155a56ca620 JavaThread "Attach Listener" daemon [_thread_blocked, id=96940, stack(0x0000002957700000,0x0000002957800000)]
  0x00000155a56caf50 JavaThread "Service Thread" daemon [_thread_blocked, id=98572, stack(0x0000002957800000,0x0000002957900000)]
  0x00000155a56cb880 JavaThread "Monitor Deflation Thread" daemon [_thread_blocked, id=76620, stack(0x0000002957900000,0x0000002957a00000)]
  0x00000155a56cc4e0 JavaThread "C2 CompilerThread0" daemon [_thread_blocked, id=76172, stack(0x0000002957a00000,0x0000002957b00000)]
  0x00000155a9968ec0 JavaThread "C1 CompilerThread0" daemon [_thread_blocked, id=98764, stack(0x0000002957b00000,0x0000002957c00000)]
  0x00000155a9970020 JavaThread "Sweeper thread" daemon [_thread_blocked, id=89288, stack(0x0000002957c00000,0x0000002957d00000)]

Other Threads:
  0x000001558a519820 VMThread "VM Thread" [stack: 0x0000002957300000,0x0000002957400000] [id=100344]
  0x000001558a496350 WorkerThread "GC Thread#0" [stack: 0x0000002956e00000,0x0000002956f00000] [id=96508]
  0x000001558a49e7b0 ConcurrentGCThread "G1 Main Marker" [stack: 0x0000002956f00000,0x0000002957000000] [id=100188]
  0x000001558a49fb20 WorkerThread "G1 Conc#0" [stack: 0x0000002957000000,0x0000002957100000] [id=97352]
  0x000001558a4e9060 ConcurrentGCThread "G1 Refine#0" [stack: 0x0000002957100000,0x0000002957200000] [id=92720]
  0x000001558a4ea4e0 ConcurrentGCThread "G1 Service" [stack: 0x0000002957200000,0x0000002957300000] [id=96772]

Threads with active compile tasks:

VM state: not at safepoint (normal execution)

VM Mutex/Monitor currently owned by a thread:  ([mutex/lock_event])
[0x000001558a44fc20] Metaspace_lock - owner thread: 0x000001558a455050

Heap address: 0x00000000c5800000, size: 936 MB, Compressed Oops mode: 32-bit

CDS archive(s) not mapped
Compressed class space mapped at: 0x0000000100000000-0x0000000140000000, reserved size: 1073741824
Narrow klass base: 0x0000000000000000, Narrow klass shift: 3, Narrow klass range: 0x140000000

GC Precious Log:
 CardTable entry size: 512
 Card Set container configuration: InlinePtr #cards 5 size 8 Array Of Cards #cards 12 size 40 Howl #buckets 4 coarsen threshold 1843 Howl Bitmap #cards 512 size 80 coarsen threshold 460 Card regions per heap region 1 cards per card region 2048
 CPUs: 2 total, 2 available
 Memory: 3737M
 Large Page Support: Disabled
 NUMA Support: Disabled
 Compressed Oops: Enabled (32-bit)
 Heap Region Size: 1M
 Heap Min Capacity: 8M
 Heap Initial Capacity: 60M
 Heap Max Capacity: 936M
 Pre-touch: Disabled
 Parallel Workers: 2
 Concurrent Workers: 1
 Concurrent Refinement Workers: 2
 Periodic GC: Disabled

Heap:
 garbage-first heap   total 61440K, used 0K [0x00000000c5800000, 0x0000000100000000)
  region size 1024K, 1 young (1024K), 0 survivors (0K)
 Metaspace       used 4769K, committed 4800K, reserved 1114112K
  class space    used 353K, committed 384K, reserved 1048576K

Heap Regions: E=young(eden), S=young(survivor), O=old, HS=humongous(starts), HC=humongous(continues), CS=collection set, F=free, OA=open archive, CA=closed archive, TAMS=top-at-mark-start (previous, next)
|   0|0x00000000c5800000, 0x00000000c5800000, 0x00000000c5900000|  0%| F|  |TAMS 0x00000000c5800000, 0x00000000c5800000| Untracked 
|   1|0x00000000c5900000, 0x00000000c5900000, 0x00000000c5a00000|  0%| F|  |TAMS 0x00000000c5900000, 0x00000000c5900000| Untracked 
|   2|0x00000000c5a00000, 0x00000000c5a00000, 0x00000000c5b00000|  0%| F|  |TAMS 0x00000000c5a00000, 0x00000000c5a00000| Untracked 
|   3|0x00000000c5b00000, 0x00000000c5b00000, 0x00000000c5c00000|  0%| F|  |TAMS 0x00000000c5b00000, 0x00000000c5b00000| Untracked 
|   4|0x00000000c5c00000, 0x00000000c5c00000, 0x00000000c5d00000|  0%| F|  |TAMS 0x00000000c5c00000, 0x00000000c5c00000| Untracked 
|   5|0x00000000c5d00000, 0x00000000c5d00000, 0x00000000c5e00000|  0%| F|  |TAMS 0x00000000c5d00000, 0x00000000c5d00000| Untracked 
|   6|0x00000000c5e00000, 0x00000000c5e00000, 0x00000000c5f00000|  0%| F|  |TAMS 0x00000000c5e00000, 0x00000000c5e00000| Untracked 
|   7|0x00000000c5f00000, 0x00000000c5f00000, 0x00000000c6000000|  0%| F|  |TAMS 0x00000000c5f00000, 0x00000000c5f00000| Untracked 
|   8|0x00000000c6000000, 0x00000000c6000000, 0x00000000c6100000|  0%| F|  |TAMS 0x00000000c6000000, 0x00000000c6000000| Untracked 
|   9|0x00000000c6100000, 0x00000000c6100000, 0x00000000c6200000|  0%| F|  |TAMS 0x00000000c6100000, 0x00000000c6100000| Untracked 
|  10|0x00000000c6200000, 0x00000000c6200000, 0x00000000c6300000|  0%| F|  |TAMS 0x00000000c6200000, 0x00000000c6200000| Untracked 
|  11|0x00000000c6300000, 0x00000000c6300000, 0x00000000c6400000|  0%| F|  |TAMS 0x00000000c6300000, 0x00000000c6300000| Untracked 
|  12|0x00000000c6400000, 0x00000000c6400000, 0x00000000c6500000|  0%| F|  |TAMS 0x00000000c6400000, 0x00000000c6400000| Untracked 
|  13|0x00000000c6500000, 0x00000000c6500000, 0x00000000c6600000|  0%| F|  |TAMS 0x00000000c6500000, 0x00000000c6500000| Untracked 
|  14|0x00000000c6600000, 0x00000000c6600000, 0x00000000c6700000|  0%| F|  |TAMS 0x00000000c6600000, 0x00000000c6600000| Untracked 
|  15|0x00000000c6700000, 0x00000000c6700000, 0x00000000c6800000|  0%| F|  |TAMS 0x00000000c6700000, 0x00000000c6700000| Untracked 
|  16|0x00000000c6800000, 0x00000000c6800000, 0x00000000c6900000|  0%| F|  |TAMS 0x00000000c6800000, 0x00000000c6800000| Untracked 
|  17|0x00000000c6900000, 0x00000000c6900000, 0x00000000c6a00000|  0%| F|  |TAMS 0x00000000c6900000, 0x00000000c6900000| Untracked 
|  18|0x00000000c6a00000, 0x00000000c6a00000, 0x00000000c6b00000|  0%| F|  |TAMS 0x00000000c6a00000, 0x00000000c6a00000| Untracked 
|  19|0x00000000c6b00000, 0x00000000c6b00000, 0x00000000c6c00000|  0%| F|  |TAMS 0x00000000c6b00000, 0x00000000c6b00000| Untracked 
|  20|0x00000000c6c00000, 0x00000000c6c00000, 0x00000000c6d00000|  0%| F|  |TAMS 0x00000000c6c00000, 0x00000000c6c00000| Untracked 
|  21|0x00000000c6d00000, 0x00000000c6d00000, 0x00000000c6e00000|  0%| F|  |TAMS 0x00000000c6d00000, 0x00000000c6d00000| Untracked 
|  22|0x00000000c6e00000, 0x00000000c6e00000, 0x00000000c6f00000|  0%| F|  |TAMS 0x00000000c6e00000, 0x00000000c6e00000| Untracked 
|  23|0x00000000c6f00000, 0x00000000c6f00000, 0x00000000c7000000|  0%| F|  |TAMS 0x00000000c6f00000, 0x00000000c6f00000| Untracked 
|  24|0x00000000c7000000, 0x00000000c7000000, 0x00000000c7100000|  0%| F|  |TAMS 0x00000000c7000000, 0x00000000c7000000| Untracked 
|  25|0x00000000c7100000, 0x00000000c7100000, 0x00000000c7200000|  0%| F|  |TAMS 0x00000000c7100000, 0x00000000c7100000| Untracked 
|  26|0x00000000c7200000, 0x00000000c7200000, 0x00000000c7300000|  0%| F|  |TAMS 0x00000000c7200000, 0x00000000c7200000| Untracked 
|  27|0x00000000c7300000, 0x00000000c7300000, 0x00000000c7400000|  0%| F|  |TAMS 0x00000000c7300000, 0x00000000c7300000| Untracked 
|  28|0x00000000c7400000, 0x00000000c7400000, 0x00000000c7500000|  0%| F|  |TAMS 0x00000000c7400000, 0x00000000c7400000| Untracked 
|  29|0x00000000c7500000, 0x00000000c7500000, 0x00000000c7600000|  0%| F|  |TAMS 0x00000000c7500000, 0x00000000c7500000| Untracked 
|  30|0x00000000c7600000, 0x00000000c7600000, 0x00000000c7700000|  0%| F|  |TAMS 0x00000000c7600000, 0x00000000c7600000| Untracked 
|  31|0x00000000c7700000, 0x00000000c7700000, 0x00000000c7800000|  0%| F|  |TAMS 0x00000000c7700000, 0x00000000c7700000| Untracked 
|  32|0x00000000c7800000, 0x00000000c7800000, 0x00000000c7900000|  0%| F|  |TAMS 0x00000000c7800000, 0x00000000c7800000| Untracked 
|  33|0x00000000c7900000, 0x00000000c7900000, 0x00000000c7a00000|  0%| F|  |TAMS 0x00000000c7900000, 0x00000000c7900000| Untracked 
|  34|0x00000000c7a00000, 0x00000000c7a00000, 0x00000000c7b00000|  0%| F|  |TAMS 0x00000000c7a00000, 0x00000000c7a00000| Untracked 
|  35|0x00000000c7b00000, 0x00000000c7b00000, 0x00000000c7c00000|  0%| F|  |TAMS 0x00000000c7b00000, 0x00000000c7b00000| Untracked 
|  36|0x00000000c7c00000, 0x00000000c7c00000, 0x00000000c7d00000|  0%| F|  |TAMS 0x00000000c7c00000, 0x00000000c7c00000| Untracked 
|  37|0x00000000c7d00000, 0x00000000c7d00000, 0x00000000c7e00000|  0%| F|  |TAMS 0x00000000c7d00000, 0x00000000c7d00000| Untracked 
|  38|0x00000000c7e00000, 0x00000000c7e00000, 0x00000000c7f00000|  0%| F|  |TAMS 0x00000000c7e00000, 0x00000000c7e00000| Untracked 
|  39|0x00000000c7f00000, 0x00000000c7f00000, 0x00000000c8000000|  0%| F|  |TAMS 0x00000000c7f00000, 0x00000000c7f00000| Untracked 
|  40|0x00000000c8000000, 0x00000000c8000000, 0x00000000c8100000|  0%| F|  |TAMS 0x00000000c8000000, 0x00000000c8000000| Untracked 
|  41|0x00000000c8100000, 0x00000000c8100000, 0x00000000c8200000|  0%| F|  |TAMS 0x00000000c8100000, 0x00000000c8100000| Untracked 
|  42|0x00000000c8200000, 0x00000000c8200000, 0x00000000c8300000|  0%| F|  |TAMS 0x00000000c8200000, 0x00000000c8200000| Untracked 
|  43|0x00000000c8300000, 0x00000000c8300000, 0x00000000c8400000|  0%| F|  |TAMS 0x00000000c8300000, 0x00000000c8300000| Untracked 
|  44|0x00000000c8400000, 0x00000000c8400000, 0x00000000c8500000|  0%| F|  |TAMS 0x00000000c8400000, 0x00000000c8400000| Untracked 
|  45|0x00000000c8500000, 0x00000000c8500000, 0x00000000c8600000|  0%| F|  |TAMS 0x00000000c8500000, 0x00000000c8500000| Untracked 
|  46|0x00000000c8600000, 0x00000000c8600000, 0x00000000c8700000|  0%| F|  |TAMS 0x00000000c8600000, 0x00000000c8600000| Untracked 
|  47|0x00000000c8700000, 0x00000000c8700000, 0x00000000c8800000|  0%| F|  |TAMS 0x00000000c8700000, 0x00000000c8700000| Untracked 
|  48|0x00000000c8800000, 0x00000000c8800000, 0x00000000c8900000|  0%| F|  |TAMS 0x00000000c8800000, 0x00000000c8800000| Untracked 
|  49|0x00000000c8900000, 0x00000000c8900000, 0x00000000c8a00000|  0%| F|  |TAMS 0x00000000c8900000, 0x00000000c8900000| Untracked 
|  50|0x00000000c8a00000, 0x00000000c8a00000, 0x00000000c8b00000|  0%| F|  |TAMS 0x00000000c8a00000, 0x00000000c8a00000| Untracked 
|  51|0x00000000c8b00000, 0x00000000c8b00000, 0x00000000c8c00000|  0%| F|  |TAMS 0x00000000c8b00000, 0x00000000c8b00000| Untracked 
|  52|0x00000000c8c00000, 0x00000000c8c00000, 0x00000000c8d00000|  0%| F|  |TAMS 0x00000000c8c00000, 0x00000000c8c00000| Untracked 
|  53|0x00000000c8d00000, 0x00000000c8d00000, 0x00000000c8e00000|  0%| F|  |TAMS 0x00000000c8d00000, 0x00000000c8d00000| Untracked 
|  54|0x00000000c8e00000, 0x00000000c8e00000, 0x00000000c8f00000|  0%| F|  |TAMS 0x00000000c8e00000, 0x00000000c8e00000| Untracked 
|  55|0x00000000c8f00000, 0x00000000c8f00000, 0x00000000c9000000|  0%| F|  |TAMS 0x00000000c8f00000, 0x00000000c8f00000| Untracked 
|  56|0x00000000c9000000, 0x00000000c9000000, 0x00000000c9100000|  0%| F|  |TAMS 0x00000000c9000000, 0x00000000c9000000| Untracked 
|  57|0x00000000c9100000, 0x00000000c9100000, 0x00000000c9200000|  0%| F|  |TAMS 0x00000000c9100000, 0x00000000c9100000| Untracked 
|  58|0x00000000c9200000, 0x00000000c9200000, 0x00000000c9300000|  0%| F|  |TAMS 0x00000000c9200000, 0x00000000c9200000| Untracked 
|  59|0x00000000c9300000, 0x00000000c93f69e8, 0x00000000c9400000| 96%| E|  |TAMS 0x00000000c9300000, 0x00000000c9300000| Complete 

Card table byte_map: [0x000001558a220000,0x000001558a400000] _byte_map_base: 0x0000015589bf4000

Marking Bits (Prev, Next): (CMBitMap*) 0x000001558a496980, (CMBitMap*) 0x000001558a4969c0
 Prev Bits: [0x00000155a15a0000, 0x00000155a2440000)
 Next Bits: [0x00000155a2440000, 0x00000155a32e0000)

Polling page: 0x00000155885f0000

Metaspace:

Usage:
  Non-class:      4.31 MB used.
      Class:    353.10 KB used.
       Both:      4.66 MB used.

Virtual space:
  Non-class space:       64.00 MB reserved,       4.31 MB (  7%) committed,  1 nodes.
      Class space:        1.00 GB reserved,     384.00 KB ( <1%) committed,  1 nodes.
             Both:        1.06 GB reserved,       4.69 MB ( <1%) committed. 

Chunk freelists:
   Non-Class:  3.00 MB
       Class:  3.62 MB
        Both:  6.62 MB

MaxMetaspaceSize: unlimited
CompressedClassSpaceSize: 1.00 GB
Initial GC threshold: 21.00 MB
Current GC threshold: 21.00 MB
CDS: off
MetaspaceReclaimPolicy: balanced
 - commit_granule_bytes: 65536.
 - commit_granule_words: 8192.
 - virtual_space_node_default_size: 8388608.
 - enlarge_chunks_in_place: 1.
 - new_chunks_are_fully_committed: 0.
 - uncommit_free_chunks: 1.
 - use_allocation_guard: 0.


Internal statistics:

num_allocs_failed_limit: 0.
num_arena_births: 2.
num_arena_deaths: 0.
num_vsnodes_births: 2.
num_vsnodes_deaths: 0.
num_space_committed: 75.
num_space_uncommitted: 0.
num_chunks_returned_to_freelist: 0.
num_chunks_taken_from_freelist: 5.
num_chunk_merges: 0.
num_chunk_splits: 2.
num_chunks_enlarged: 0.
num_inconsistent_stats: 0.

CodeHeap 'non-profiled nmethods': size=120064Kb used=11Kb max_used=11Kb free=120052Kb
 bounds [0x0000015599e80000, 0x000001559a0f0000, 0x00000155a13c0000]
CodeHeap 'profiled nmethods': size=120000Kb used=53Kb max_used=53Kb free=119947Kb
 bounds [0x00000155923c0000, 0x0000015592630000, 0x00000155998f0000]
CodeHeap 'non-nmethods': size=5696Kb used=1145Kb max_used=1145Kb free=4551Kb
 bounds [0x00000155998f0000, 0x0000015599b60000, 0x0000015599e80000]
 total_blobs=373 nmethods=45 adapters=240
 compilation: enabled
              stopped_count=0, restarted_count=0
 full_count=0

Compilation events (20 events):
Event: 0.538 Thread 0x00000155a9968ec0   28       1       java.lang.module.ModuleReference::descriptor (5 bytes)
Event: 0.538 Thread 0x00000155a9968ec0 nmethod 28 0x0000015599e80a10 code [0x0000015599e80ba0, 0x0000015599e80c58]
Event: 0.538 Thread 0x00000155a9968ec0   29       3       java.net.URI::hash (33 bytes)
Event: 0.539 Thread 0x00000155a9968ec0 nmethod 29 0x00000155923c8390 code [0x00000155923c85a0, 0x00000155923c8a38]
Event: 0.539 Thread 0x00000155a9968ec0   30       3       java.lang.StringLatin1::indexOfChar (33 bytes)
Event: 0.539 Thread 0x00000155a9968ec0 nmethod 30 0x00000155923c8c10 code [0x00000155923c8dc0, 0x00000155923c8ff8]
Event: 0.545 Thread 0x00000155a9968ec0   31       3       java.lang.String::isEmpty (14 bytes)
Event: 0.545 Thread 0x00000155a9968ec0 nmethod 31 0x00000155923c9110 code [0x00000155923c92a0, 0x00000155923c9418]
Event: 0.558 Thread 0x00000155a9968ec0   32       3       java.util.concurrent.ConcurrentHashMap::tabAt (22 bytes)
Event: 0.558 Thread 0x00000155a9968ec0 nmethod 32 0x00000155923c9510 code [0x00000155923c96c0, 0x00000155923c9998]
Event: 0.559 Thread 0x00000155a9968ec0   34       3       java.util.concurrent.ConcurrentHashMap::spread (10 bytes)
Event: 0.559 Thread 0x00000155a9968ec0 nmethod 34 0x00000155923c9a90 code [0x00000155923c9c20, 0x00000155923c9d18]
Event: 0.559 Thread 0x00000155a9968ec0   35       3       java.util.ImmutableCollections$SetN$SetNIterator::next (90 bytes)
Event: 0.559 Thread 0x00000155a9968ec0 nmethod 35 0x00000155923c9d90 code [0x00000155923c9f60, 0x00000155923ca268]
Event: 0.568 Thread 0x00000155a9968ec0   36       3       java.util.HashMap::hash (20 bytes)
Event: 0.568 Thread 0x00000155a9968ec0 nmethod 36 0x00000155923ca410 code [0x00000155923ca5c0, 0x00000155923ca7c8]
Event: 0.584 Thread 0x00000155a9968ec0   39   !   3       java.util.concurrent.ConcurrentHashMap::putVal (432 bytes)
Event: 0.587 Thread 0x00000155a9968ec0 nmethod 39 0x00000155923ca890 code [0x00000155923cac00, 0x00000155923cc6e8]
Event: 0.590 Thread 0x00000155a9968ec0   42       3       java.lang.StringLatin1::canEncode (13 bytes)
Event: 0.591 Thread 0x00000155a9968ec0 nmethod 42 0x00000155923cd090 code [0x00000155923cd220, 0x00000155923cd378]

GC Heap History (0 events):
No events

Dll operation events (2 events):
Event: 0.208 Loaded shared library C:\Program Files\Java\jdk-19\bin\java.dll
Event: 0.393 Loaded shared library C:\Program Files\Java\jdk-19\bin\jsvml.dll

Deoptimization events (0 events):
No events

Classes loaded (20 events):
Event: 0.588 Loading class java/lang/invoke/BoundMethodHandle$Specializer$Factory done
Event: 0.589 Loading class java/lang/invoke/SimpleMethodHandle
Event: 0.589 Loading class java/lang/invoke/SimpleMethodHandle done
Event: 0.590 Loading class java/lang/NoSuchFieldException
Event: 0.590 Loading class java/lang/NoSuchFieldException done
Event: 0.590 Loading class java/lang/invoke/BoundMethodHandle$Species_L
Event: 0.590 Loading class java/lang/invoke/BoundMethodHandle$Species_L done
Event: 0.591 Loading class java/lang/invoke/DirectMethodHandle$2
Event: 0.591 Loading class java/lang/invoke/DirectMethodHandle$2 done
Event: 0.591 Loading class java/lang/invoke/DirectMethodHandle$Accessor
Event: 0.591 Loading class java/lang/invoke/DirectMethodHandle$Accessor done
Event: 0.592 Loading class java/lang/invoke/DelegatingMethodHandle
Event: 0.592 Loading class java/lang/invoke/DelegatingMethodHandle done
Event: 0.592 Loading class java/lang/invoke/DelegatingMethodHandle$Holder
Event: 0.593 Loading class java/lang/invoke/DelegatingMethodHandle$Holder done
Event: 0.593 Loading class java/lang/invoke/VarHandle$AccessMode
Event: 0.593 Loading class java/lang/invoke/VarHandle$AccessMode done
Event: 0.593 Loading class java/lang/invoke/VarHandle$AccessType
Event: 0.593 Loading class java/lang/invoke/VarHandle$AccessType done
Event: 0.594 Loading class java/lang/invoke/Invokers$Holder

Classes unloaded (0 events):
No events

Classes redefined (0 events):
No events

Internal exceptions (0 events):
No events

VM Operations (0 events):
No events

Events (10 events):
Event: 0.394 Thread 0x000001558a455050 Thread added: 0x000001558a455050
Event: 0.468 Thread 0x00000155a56e5550 Thread added: 0x00000155a56e5550
Event: 0.470 Thread 0x00000155a56e6c80 Thread added: 0x00000155a56e6c80
Event: 0.472 Thread 0x00000155a56e8610 Thread added: 0x00000155a56e8610
Event: 0.472 Thread 0x00000155a56ca620 Thread added: 0x00000155a56ca620
Event: 0.473 Thread 0x00000155a56caf50 Thread added: 0x00000155a56caf50
Event: 0.473 Thread 0x00000155a56cb880 Thread added: 0x00000155a56cb880
Event: 0.473 Thread 0x00000155a56cc4e0 Thread added: 0x00000155a56cc4e0
Event: 0.480 Thread 0x00000155a9968ec0 Thread added: 0x00000155a9968ec0
Event: 0.481 Thread 0x00000155a9970020 Thread added: 0x00000155a9970020


Dynamic libraries:
0x00007ff719230000 - 0x00007ff719240000 	C:\Program Files\Java\jdk-19\bin\javaw.exe
0x00007ffb4bef0000 - 0x00007ffb4c104000 	C:\WINDOWS\SYSTEM32\ntdll.dll
0x00007ffb4ad00000 - 0x00007ffb4adc4000 	C:\WINDOWS\System32\KERNEL32.DLL
0x00007ffb49730000 - 0x00007ffb49ad4000 	C:\WINDOWS\System32\KERNELBASE.dll
0x00007ffb49610000 - 0x00007ffb49721000 	C:\WINDOWS\System32\ucrtbase.dll
0x00007ffb3a330000 - 0x00007ffb3a348000 	C:\Program Files\Java\jdk-19\bin\jli.dll
0x00007ffb4ac40000 - 0x00007ffb4acf0000 	C:\WINDOWS\System32\ADVAPI32.dll
0x00007ffb4ab90000 - 0x00007ffb4ac37000 	C:\WINDOWS\System32\msvcrt.dll
0x00007ffb49e30000 - 0x00007ffb49ed6000 	C:\WINDOWS\System32\sechost.dll
0x00007ffb4add0000 - 0x00007ffb4aee7000 	C:\WINDOWS\System32\RPCRT4.dll
0x00007ffb49c80000 - 0x00007ffb49e2e000 	C:\WINDOWS\System32\USER32.dll
0x00007ffb495e0000 - 0x00007ffb49606000 	C:\WINDOWS\System32\win32u.dll
0x00007ffb49ee0000 - 0x00007ffb49f09000 	C:\WINDOWS\System32\GDI32.dll
0x00007ffb49ae0000 - 0x00007ffb49bf8000 	C:\WINDOWS\System32\gdi32full.dll
0x00007ffb492a0000 - 0x00007ffb4933a000 	C:\WINDOWS\System32\msvcp_win.dll
0x00007ffb39b40000 - 0x00007ffb39b5b000 	C:\Program Files\Java\jdk-19\bin\VCRUNTIME140.dll
0x00007ffb35eb0000 - 0x00007ffb36143000 	C:\WINDOWS\WinSxS\amd64_microsoft.windows.common-controls_6595b64144ccf1df_6.0.22621.2215_none_270d72677387dfc3\COMCTL32.dll
0x00007ffb3acd0000 - 0x00007ffb3acda000 	C:\WINDOWS\SYSTEM32\VERSION.dll
0x00007ffb4a0b0000 - 0x00007ffb4a0e1000 	C:\WINDOWS\System32\IMM32.DLL
0x00007ffb434a0000 - 0x00007ffb434ac000 	C:\Program Files\Java\jdk-19\bin\vcruntime140_1.dll
0x00007ffb2de50000 - 0x00007ffb2dede000 	C:\Program Files\Java\jdk-19\bin\msvcp140.dll
0x00007ffaee500000 - 0x00007ffaef1c0000 	C:\Program Files\Java\jdk-19\bin\server\jvm.dll
0x00007ffb37370000 - 0x00007ffb37379000 	C:\WINDOWS\SYSTEM32\WSOCK32.dll
0x00007ffb4a100000 - 0x00007ffb4a171000 	C:\WINDOWS\System32\WS2_32.dll
0x00007ffb3a920000 - 0x00007ffb3a954000 	C:\WINDOWS\SYSTEM32\WINMM.dll
0x00007ffb482f0000 - 0x00007ffb48308000 	C:\WINDOWS\SYSTEM32\kernel.appcore.dll
0x00007ffb33f50000 - 0x00007ffb33f5a000 	C:\Program Files\Java\jdk-19\bin\jimage.dll
0x00007ffb46dd0000 - 0x00007ffb46ffe000 	C:\WINDOWS\SYSTEM32\DBGHELP.DLL
0x00007ffb4bb20000 - 0x00007ffb4beaa000 	C:\WINDOWS\System32\combase.dll
0x00007ffb49fc0000 - 0x00007ffb4a097000 	C:\WINDOWS\System32\OLEAUT32.dll
0x00007ffb2bca0000 - 0x00007ffb2bcd2000 	C:\WINDOWS\SYSTEM32\dbgcore.DLL
0x00007ffb49c00000 - 0x00007ffb49c7a000 	C:\WINDOWS\System32\bcryptPrimitives.dll
0x00007ffb1a6d0000 - 0x00007ffb1a6f6000 	C:\Program Files\Java\jdk-19\bin\java.dll
0x00007ffafa610000 - 0x00007ffafa6e7000 	C:\Program Files\Java\jdk-19\bin\jsvml.dll
0x00007ffb4b2f0000 - 0x00007ffb4bb13000 	C:\WINDOWS\System32\SHELL32.dll
0x00007ffb47230000 - 0x00007ffb47b1a000 	C:\WINDOWS\SYSTEM32\windows.storage.dll
0x00007ffb470f0000 - 0x00007ffb4722e000 	C:\WINDOWS\SYSTEM32\wintypes.dll
0x00007ffb4b1b0000 - 0x00007ffb4b2a3000 	C:\WINDOWS\System32\SHCORE.dll
0x00007ffb4ab30000 - 0x00007ffb4ab8e000 	C:\WINDOWS\System32\shlwapi.dll
0x00007ffb491d0000 - 0x00007ffb491f6000 	C:\WINDOWS\SYSTEM32\profapi.dll

dbghelp: loaded successfully - version: 4.0.5 - missing functions: none
symbol engine: initialized successfully - sym options: 0x614 - pdb path: .;C:\Program Files\Java\jdk-19\bin;C:\WINDOWS\SYSTEM32;C:\WINDOWS\WinSxS\amd64_microsoft.windows.common-controls_6595b64144ccf1df_6.0.22621.2215_none_270d72677387dfc3;C:\Program Files\Java\jdk-19\bin\server

VM Arguments:
jvm_args: -Dfile.encoding=UTF-8 --module-path=C:\Users\maria\Downloads\mysql-connector-j-8.1.0\mysql-connector-j-8.1.0\mysql-connector-j-8.1.0.jar -XX:+ShowCodeDetailsInExceptionMessages 
java_command: Teste
java_class_path (initial): C:\Users\maria\eclipse-workspace\ProjetoFinal\bin
Launcher Type: SUN_STANDARD

[Global flags]
     intx CICompilerCount                          = 2                                         {product} {ergonomic}
     uint ConcGCThreads                            = 1                                         {product} {ergonomic}
     uint G1ConcRefinementThreads                  = 2                                         {product} {ergonomic}
   size_t G1HeapRegionSize                         = 1048576                                   {product} {ergonomic}
    uintx GCDrainStackTargetSize                   = 64                                        {product} {ergonomic}
   size_t InitialHeapSize                          = 62914560                                  {product} {ergonomic}
   size_t MarkStackSize                            = 4194304                                   {product} {ergonomic}
   size_t MaxHeapSize                              = 981467136                                 {product} {ergonomic}
   size_t MaxNewSize                               = 588251136                                 {product} {ergonomic}
   size_t MinHeapDeltaBytes                        = 1048576                                   {product} {ergonomic}
   size_t MinHeapSize                              = 8388608                                   {product} {ergonomic}
    uintx NonNMethodCodeHeapSize                   = 5826188                                {pd product} {ergonomic}
    uintx NonProfiledCodeHeapSize                  = 122916026                              {pd product} {ergonomic}
    uintx ProfiledCodeHeapSize                     = 122916026                              {pd product} {ergonomic}
    uintx ReservedCodeCacheSize                    = 251658240                              {pd product} {ergonomic}
     bool SegmentedCodeCache                       = true                                      {product} {ergonomic}
     bool ShowCodeDetailsInExceptionMessages       = true                                   {manageable} {command line}
   size_t SoftMaxHeapSize                          = 981467136                              {manageable} {ergonomic}
     bool UseCompressedClassPointers               = true                           {product lp64_product} {ergonomic}
     bool UseCompressedOops                        = true                           {product lp64_product} {ergonomic}
     bool UseG1GC                                  = true                                      {product} {ergonomic}
     bool UseLargePagesIndividualAllocation        = false                                  {pd product} {ergonomic}

Logging:
Log output configuration:
 #0: stdout all=warning uptime,level,tags foldmultilines=false
 #1: stderr all=off uptime,level,tags foldmultilines=false

Environment Variables:
JAVA_HOME=C:\Program Files\Java\jdk-19
PATH=C:/Program Files/Java/jdk-19/bin/server;C:/Program Files/Java/jdk-19/bin;C:\Program Files\Common Files\Oracle\Java\javapath;C:\WINDOWS\system32;C:\WINDOWS;C:\WINDOWS\System32\Wbem;C:\WINDOWS\System32\WindowsPowerShell\v1.0\;C:\WINDOWS\System32\OpenSSH\;C:\Program Files\Java\jdk-19\bin;C:\Program Files\Git\cmd;C:\Program Files\MySQL\MySQL Shell 8.0\bin\;C:\Users\maria\AppData\Local\Microsoft\WindowsApps;C:\Users\maria\AppData\Local\Programs\Microsoft VS Code\bin;C:\Users\maria\AppData\Local\GitHubDesktop\bin;C:\Users\maria\OneDrive\Área de Trabalho;
USERNAME=maria
OS=Windows_NT
PROCESSOR_IDENTIFIER=Intel64 Family 6 Model 122 Stepping 8, GenuineIntel
TMP=C:\Users\maria\AppData\Local\Temp
TEMP=C:\Users\maria\AppData\Local\Temp



---------------  S Y S T E M  ---------------

OS:
 Windows 11 , 64 bit Build 22621 (10.0.22621.2215)
OS uptime: 13 days 14:26 hours

CPU: total 2 (initial active 2) (2 cores per cpu, 1 threads per core) family 6 model 122 stepping 8 microcode 0x1a, cx8, cmov, fxsr, mmx, 3dnowpref, sse, sse2, sse3, ssse3, sse4.1, sse4.2, popcnt, tsc, tscinvbit, aes, erms, clmul, sha, clflush, clflushopt, rdtscp, rdpid

Memory: 4k page, system-wide physical 3737M (48M free)
TotalPageFile size 15001M (AvailPageFile size 3M)
current process WorkingSet (physical memory assigned to process): 26M, peak: 26M
current process commit charge ("private bytes"): 119M, peak: 122M

vm_info: Java HotSpot(TM) 64-Bit Server VM (19.0.2+7-44) for windows-amd64 JRE (19.0.2+7-44), built on 2022-11-30T18:02:09Z by "mach5one" with MS VC++ 17.1 (VS2022)

END.
