#
# There is insufficient memory for the Java Runtime Environment to continue.
# Native memory allocation (malloc) failed to allocate 32744 bytes for Chunk::new
# Possible reasons:
#   The system is out of physical RAM or swap space
#   The process is running with CompressedOops enabled, and the Java Heap may be blocking the growth of the native heap
# Possible solutions:
#   Reduce memory load on the system
#   Increase physical memory or swap space
#   Check if swap backing store is full
#   Decrease Java heap size (-Xmx/-Xms)
#   Decrease number of Java threads
#   Decrease Java thread stack sizes (-Xss)
#   Set larger code cache with -XX:ReservedCodeCacheSize=
#   JVM is running with Unscaled Compressed Oops mode in which the Java heap is
#     placed in the first 4GB address space. The Java Heap base address is the
#     maximum limit for the native heap growth. Please use -XX:HeapBaseMinAddress
#     to set the Java Heap base and to place the Java Heap above 4GB virtual address.
# This output file may be truncated or incomplete.
#
#  Out of Memory Error (arena.cpp:184), pid=94348, tid=94912
#
# JRE version: Java(TM) SE Runtime Environment (19.0.2+7) (build 19.0.2+7-44)
# Java VM: Java HotSpot(TM) 64-Bit Server VM (19.0.2+7-44, mixed mode, sharing, tiered, compressed oops, compressed class ptrs, g1 gc, windows-amd64)
# No core dump will be written. Minidumps are not enabled by default on client versions of Windows
#

---------------  S U M M A R Y ------------

Command Line: -Dfile.encoding=UTF-8 --module-path=C:\Users\maria\Downloads\mysql-connector-j-8.1.0\mysql-connector-j-8.1.0\mysql-connector-j-8.1.0.jar -XX:+ShowCodeDetailsInExceptionMessages Teste

Host: Intel(R) Celeron(R) N4020 CPU @ 1.10GHz, 2 cores, 3G,  Windows 11 , 64 bit Build 22621 (10.0.22621.2215)
Time: Sun Oct  1 21:41:52 2023 Hora Padrão de Caracas elapsed time: 1044.536760 seconds (0d 0h 17m 24s)

---------------  T H R E A D  ---------------

Current thread (0x00000179f6edace0):  JavaThread "C1 CompilerThread0" daemon [_thread_in_native, id=94912, stack(0x00000051cfa00000,0x00000051cfb00000)]


Current CompileTask:
C1:1044537 3705       3       java.net.URLStreamHandler::parseURL (1124 bytes)

Stack: [0x00000051cfa00000,0x00000051cfb00000]
Native frames: (J=compiled Java code, j=interpreted, Vv=VM code, C=native code)
V  [jvm.dll+0x6ee21a]
V  [jvm.dll+0x85765e]
V  [jvm.dll+0x85904e]
V  [jvm.dll+0x859703]
V  [jvm.dll+0x28298f]
V  [jvm.dll+0xc9adf]
V  [jvm.dll+0xc9e65]
V  [jvm.dll+0x148bb5]
V  [jvm.dll+0x1a75cb]
V  [jvm.dll+0x1a7ba3]
V  [jvm.dll+0x1616d3]
V  [jvm.dll+0x160fb2]
V  [jvm.dll+0x161208]
V  [jvm.dll+0x160666]
V  [jvm.dll+0x16235d]
V  [jvm.dll+0x25b25a]
V  [jvm.dll+0x2596e8]
V  [jvm.dll+0x807588]
V  [jvm.dll+0x80125a]
V  [jvm.dll+0x6ecf0b]
C  [ucrtbase.dll+0x29363]
C  [KERNEL32.DLL+0x1257d]
C  [ntdll.dll+0x5aa68]


---------------  P R O C E S S  ---------------

Threads class SMR info:
_java_thread_list=0x00000179fd504ad0, length=18, elements={
0x00000179f6ec1810, 0x00000179f6ec2da0, 0x00000179f6ec4690, 0x00000179f6ec8880,
0x00000179f6ec91b0, 0x00000179f6ecf790, 0x00000179f6ed1ba0, 0x00000179f6edace0,
0x00000179f6f4aa00, 0x00000179fb1601d0, 0x00000179fb25f380, 0x00000179fb3c4020,
0x00000179fb3c91f0, 0x00000179fb3c9730, 0x00000179fb1a7a00, 0x00000179fc124430,
0x00000179fc1229a0, 0x00000179fc125420
}

Java Threads: ( => current thread )
  0x00000179f6ec1810 JavaThread "Reference Handler" daemon [_thread_blocked, id=91432, stack(0x00000051cf300000,0x00000051cf400000)]
  0x00000179f6ec2da0 JavaThread "Finalizer" daemon [_thread_blocked, id=95020, stack(0x00000051cf400000,0x00000051cf500000)]
  0x00000179f6ec4690 JavaThread "Signal Dispatcher" daemon [_thread_blocked, id=93332, stack(0x00000051cf500000,0x00000051cf600000)]
  0x00000179f6ec8880 JavaThread "Attach Listener" daemon [_thread_blocked, id=94508, stack(0x00000051cf600000,0x00000051cf700000)]
  0x00000179f6ec91b0 JavaThread "Service Thread" daemon [_thread_blocked, id=92740, stack(0x00000051cf700000,0x00000051cf800000)]
  0x00000179f6ecf790 JavaThread "Monitor Deflation Thread" daemon [_thread_blocked, id=78684, stack(0x00000051cf800000,0x00000051cf900000)]
  0x00000179f6ed1ba0 JavaThread "C2 CompilerThread0" daemon [_thread_blocked, id=92388, stack(0x00000051cf900000,0x00000051cfa00000)]
=>0x00000179f6edace0 JavaThread "C1 CompilerThread0" daemon [_thread_in_native, id=94912, stack(0x00000051cfa00000,0x00000051cfb00000)]
  0x00000179f6f4aa00 JavaThread "Sweeper thread" daemon [_thread_blocked, id=82628, stack(0x00000051cfb00000,0x00000051cfc00000)]
  0x00000179fb1601d0 JavaThread "Common-Cleaner" daemon [_thread_blocked, id=75120, stack(0x00000051cfc00000,0x00000051cfd00000)]
  0x00000179fb25f380 JavaThread "Notification Thread" daemon [_thread_blocked, id=94556, stack(0x00000051cfd00000,0x00000051cfe00000)]
  0x00000179fb3c4020 JavaThread "Java2D Disposer" daemon [_thread_blocked, id=93584, stack(0x00000051cff00000,0x00000051d0000000)]
  0x00000179fb3c91f0 JavaThread "AWT-Shutdown" [_thread_blocked, id=90192, stack(0x00000051d0000000,0x00000051d0100000)]
  0x00000179fb3c9730 JavaThread "AWT-Windows" daemon [_thread_in_native, id=64948, stack(0x00000051d0100000,0x00000051d0200000)]
  0x00000179fb1a7a00 JavaThread "AWT-EventQueue-0" [_thread_blocked, id=95168, stack(0x00000051d0400000,0x00000051d0500000)]
  0x00000179fc124430 JavaThread "DestroyJavaVM" [_thread_blocked, id=94484, stack(0x00000051cec00000,0x00000051ced00000)]
  0x00000179fc1229a0 JavaThread "TimerQueue" daemon [_thread_blocked, id=91404, stack(0x00000051d0200000,0x00000051d0300000)]
  0x00000179fc125420 JavaThread "mysql-cj-abandoned-connection-cleanup" daemon [_thread_blocked, id=93960, stack(0x00000051ce900000,0x00000051cea00000)]

Other Threads:
  0x00000179dbdacca0 VMThread "VM Thread" [stack: 0x00000051cf200000,0x00000051cf300000] [id=84312]
  0x00000179dbcf75c0 WatcherThread "VM Periodic Task Thread" [stack: 0x00000051cfe00000,0x00000051cff00000] [id=93324]
  0x00000179dbd35840 WorkerThread "GC Thread#0" [stack: 0x00000051ced00000,0x00000051cee00000] [id=94140]
  0x00000179fb2f5f70 WorkerThread "GC Thread#1" [stack: 0x00000051d0300000,0x00000051d0400000] [id=71072]
  0x00000179dbd3dca0 ConcurrentGCThread "G1 Main Marker" [stack: 0x00000051cee00000,0x00000051cef00000] [id=94896]
  0x00000179dbd3f010 WorkerThread "G1 Conc#0" [stack: 0x00000051cef00000,0x00000051cf000000] [id=84664]
  0x00000179dbd88550 ConcurrentGCThread "G1 Refine#0" [stack: 0x00000051cf000000,0x00000051cf100000] [id=94576]
  0x00000179dbd899d0 ConcurrentGCThread "G1 Service" [stack: 0x00000051cf100000,0x00000051cf200000] [id=94436]

Threads with active compile tasks:
C1 CompilerThread0  1044650 3705       3       java.net.URLStreamHandler::parseURL (1124 bytes)

VM state: not at safepoint (normal execution)

VM Mutex/Monitor currently owned by a thread: None

Heap address: 0x00000000c5800000, size: 936 MB, Compressed Oops mode: 32-bit

CDS archive(s) mapped at: [0x0000000800000000-0x0000000800c40000-0x0000000800c40000), size 12845056, SharedBaseAddress: 0x0000000800000000, ArchiveRelocationMode: 0.
Compressed class space mapped at: 0x0000000801000000-0x0000000841000000, reserved size: 1073741824
Narrow klass base: 0x0000000800000000, Narrow klass shift: 0, Narrow klass range: 0x100000000

GC Precious Log:
 CardTable entry size: 512
 Card Set container configuration: InlinePtr #cards 5 size 8 Array Of Cards #cards 12 size 40 Howl #buckets 4 coarsen threshold 1843 Howl Bitmap #cards 512 size 80 coarsen threshold 460 Card regions per heap region 1 cards per card region 2048
 CPUs: 2 total, 2 available
 Memory: 3737M
 Large Page Support: Disabled
 NUMA Support: Disabled
 Compressed Oops: Enabled (32-bit)
 Heap Region Size: 1M
 Heap Min Capacity: 8M
 Heap Initial Capacity: 60M
 Heap Max Capacity: 936M
 Pre-touch: Disabled
 Parallel Workers: 2
 Concurrent Workers: 1
 Concurrent Refinement Workers: 2
 Periodic GC: Disabled

Heap:
 garbage-first heap   total 61440K, used 49618K [0x00000000c5800000, 0x0000000100000000)
  region size 1024K, 17 young (17408K), 4 survivors (4096K)
 Metaspace       used 20813K, committed 21056K, reserved 1114112K
  class space    used 2168K, committed 2304K, reserved 1048576K

Heap Regions: E=young(eden), S=young(survivor), O=old, HS=humongous(starts), HC=humongous(continues), CS=collection set, F=free, OA=open archive, CA=closed archive, TAMS=top-at-mark-start (previous, next)
|   0|0x00000000c5800000, 0x00000000c5900000, 0x00000000c5900000|100%|HS|  |TAMS 0x00000000c5800000, 0x00000000c5900000| Complete 
|   1|0x00000000c5900000, 0x00000000c5a00000, 0x00000000c5a00000|100%|HC|  |TAMS 0x00000000c5900000, 0x00000000c5a00000| Complete 
|   2|0x00000000c5a00000, 0x00000000c5b00000, 0x00000000c5b00000|100%| O|  |TAMS 0x00000000c5a00000, 0x00000000c5b00000| Untracked 
|   3|0x00000000c5b00000, 0x00000000c5c00000, 0x00000000c5c00000|100%|HS|  |TAMS 0x00000000c5b00000, 0x00000000c5c00000| Complete 
|   4|0x00000000c5c00000, 0x00000000c5d00000, 0x00000000c5d00000|100%|HC|  |TAMS 0x00000000c5c00000, 0x00000000c5d00000| Complete 
|   5|0x00000000c5d00000, 0x00000000c5e00000, 0x00000000c5e00000|100%|HC|  |TAMS 0x00000000c5d00000, 0x00000000c5e00000| Complete 
|   6|0x00000000c5e00000, 0x00000000c5f00000, 0x00000000c5f00000|100%|HC|  |TAMS 0x00000000c5e00000, 0x00000000c5f00000| Complete 
|   7|0x00000000c5f00000, 0x00000000c6000000, 0x00000000c6000000|100%|HS|  |TAMS 0x00000000c5f00000, 0x00000000c6000000| Complete 
|   8|0x00000000c6000000, 0x00000000c6100000, 0x00000000c6100000|100%|HC|  |TAMS 0x00000000c6000000, 0x00000000c6100000| Complete 
|   9|0x00000000c6100000, 0x00000000c6200000, 0x00000000c6200000|100%| O|  |TAMS 0x00000000c6100000, 0x00000000c6200000| Untracked 
|  10|0x00000000c6200000, 0x00000000c6274800, 0x00000000c6300000| 45%| O|  |TAMS 0x00000000c6200000, 0x00000000c6274800| Untracked 
|  11|0x00000000c6300000, 0x00000000c6400000, 0x00000000c6400000|100%|HS|  |TAMS 0x00000000c6300000, 0x00000000c6400000| Complete 
|  12|0x00000000c6400000, 0x00000000c6500000, 0x00000000c6500000|100%|HS|  |TAMS 0x00000000c6400000, 0x00000000c6500000| Complete 
|  13|0x00000000c6500000, 0x00000000c6600000, 0x00000000c6600000|100%|HC|  |TAMS 0x00000000c6500000, 0x00000000c6600000| Complete 
|  14|0x00000000c6600000, 0x00000000c6700000, 0x00000000c6700000|100%|HC|  |TAMS 0x00000000c6600000, 0x00000000c6700000| Complete 
|  15|0x00000000c6700000, 0x00000000c6800000, 0x00000000c6800000|100%|HC|  |TAMS 0x00000000c6700000, 0x00000000c6800000| Complete 
|  16|0x00000000c6800000, 0x00000000c6900000, 0x00000000c6900000|100%|HC|  |TAMS 0x00000000c6800000, 0x00000000c6900000| Complete 
|  17|0x00000000c6900000, 0x00000000c6a00000, 0x00000000c6a00000|100%|HC|  |TAMS 0x00000000c6900000, 0x00000000c6a00000| Complete 
|  18|0x00000000c6a00000, 0x00000000c6b00000, 0x00000000c6b00000|100%|HC|  |TAMS 0x00000000c6a00000, 0x00000000c6b00000| Complete 
|  19|0x00000000c6b00000, 0x00000000c6c00000, 0x00000000c6c00000|100%|HS|  |TAMS 0x00000000c6b00000, 0x00000000c6c00000| Complete 
|  20|0x00000000c6c00000, 0x00000000c6d00000, 0x00000000c6d00000|100%|HC|  |TAMS 0x00000000c6c00000, 0x00000000c6d00000| Complete 
|  21|0x00000000c6d00000, 0x00000000c6e00000, 0x00000000c6e00000|100%|HC|  |TAMS 0x00000000c6d00000, 0x00000000c6e00000| Complete 
|  22|0x00000000c6e00000, 0x00000000c6f00000, 0x00000000c6f00000|100%|HC|  |TAMS 0x00000000c6e00000, 0x00000000c6f00000| Complete 
|  23|0x00000000c6f00000, 0x00000000c7000000, 0x00000000c7000000|100%|HC|  |TAMS 0x00000000c6f00000, 0x00000000c7000000| Complete 
|  24|0x00000000c7000000, 0x00000000c7100000, 0x00000000c7100000|100%|HC|  |TAMS 0x00000000c7000000, 0x00000000c7100000| Complete 
|  25|0x00000000c7100000, 0x00000000c7200000, 0x00000000c7200000|100%|HC|  |TAMS 0x00000000c7100000, 0x00000000c7200000| Complete 
|  26|0x00000000c7200000, 0x00000000c7300000, 0x00000000c7300000|100%| S|CS|TAMS 0x00000000c7200000, 0x00000000c7200000| Complete 
|  27|0x00000000c7300000, 0x00000000c7400000, 0x00000000c7400000|100%| S|CS|TAMS 0x00000000c7300000, 0x00000000c7300000| Complete 
|  28|0x00000000c7400000, 0x00000000c7500000, 0x00000000c7500000|100%| S|CS|TAMS 0x00000000c7400000, 0x00000000c7400000| Complete 
|  29|0x00000000c7500000, 0x00000000c7600000, 0x00000000c7600000|100%| S|CS|TAMS 0x00000000c7500000, 0x00000000c7500000| Complete 
|  30|0x00000000c7600000, 0x00000000c7700000, 0x00000000c7700000|100%|HS|  |TAMS 0x00000000c7600000, 0x00000000c7600000| Complete 
|  31|0x00000000c7700000, 0x00000000c7800000, 0x00000000c7800000|100%|HC|  |TAMS 0x00000000c7700000, 0x00000000c7700000| Complete 
|  32|0x00000000c7800000, 0x00000000c7900000, 0x00000000c7900000|100%|HC|  |TAMS 0x00000000c7800000, 0x00000000c7800000| Complete 
|  33|0x00000000c7900000, 0x00000000c7a00000, 0x00000000c7a00000|100%|HC|  |TAMS 0x00000000c7900000, 0x00000000c7900000| Complete 
|  34|0x00000000c7a00000, 0x00000000c7b00000, 0x00000000c7b00000|100%|HC|  |TAMS 0x00000000c7a00000, 0x00000000c7a00000| Complete 
|  35|0x00000000c7b00000, 0x00000000c7c00000, 0x00000000c7c00000|100%|HC|  |TAMS 0x00000000c7b00000, 0x00000000c7b00000| Complete 
|  36|0x00000000c7c00000, 0x00000000c7d00000, 0x00000000c7d00000|100%|HC|  |TAMS 0x00000000c7c00000, 0x00000000c7c00000| Complete 
|  37|0x00000000c7d00000, 0x00000000c7d00000, 0x00000000c7e00000|  0%| F|  |TAMS 0x00000000c7d00000, 0x00000000c7d00000| Untracked 
|  38|0x00000000c7e00000, 0x00000000c7e00000, 0x00000000c7f00000|  0%| F|  |TAMS 0x00000000c7e00000, 0x00000000c7e00000| Untracked 
|  39|0x00000000c7f00000, 0x00000000c7f00000, 0x00000000c8000000|  0%| F|  |TAMS 0x00000000c7f00000, 0x00000000c7f00000| Untracked 
|  40|0x00000000c8000000, 0x00000000c8000000, 0x00000000c8100000|  0%| F|  |TAMS 0x00000000c8000000, 0x00000000c8000000| Untracked 
|  41|0x00000000c8100000, 0x00000000c8100000, 0x00000000c8200000|  0%| F|  |TAMS 0x00000000c8100000, 0x00000000c8100000| Untracked 
|  42|0x00000000c8200000, 0x00000000c8200000, 0x00000000c8300000|  0%| F|  |TAMS 0x00000000c8200000, 0x00000000c8200000| Untracked 
|  43|0x00000000c8300000, 0x00000000c8300000, 0x00000000c8400000|  0%| F|  |TAMS 0x00000000c8300000, 0x00000000c8300000| Untracked 
|  44|0x00000000c8400000, 0x00000000c8400000, 0x00000000c8500000|  0%| F|  |TAMS 0x00000000c8400000, 0x00000000c8400000| Untracked 
|  45|0x00000000c8500000, 0x00000000c8500000, 0x00000000c8600000|  0%| F|  |TAMS 0x00000000c8500000, 0x00000000c8500000| Untracked 
|  46|0x00000000c8600000, 0x00000000c8600000, 0x00000000c8700000|  0%| F|  |TAMS 0x00000000c8600000, 0x00000000c8600000| Untracked 
|  47|0x00000000c8700000, 0x00000000c8798188, 0x00000000c8800000| 59%| E|  |TAMS 0x00000000c8700000, 0x00000000c8700000| Complete 
|  48|0x00000000c8800000, 0x00000000c8900000, 0x00000000c8900000|100%| E|CS|TAMS 0x00000000c8800000, 0x00000000c8800000| Complete 
|  49|0x00000000c8900000, 0x00000000c8a00000, 0x00000000c8a00000|100%| E|CS|TAMS 0x00000000c8900000, 0x00000000c8900000| Complete 
|  50|0x00000000c8a00000, 0x00000000c8b00000, 0x00000000c8b00000|100%| E|CS|TAMS 0x00000000c8a00000, 0x00000000c8a00000| Complete 
|  51|0x00000000c8b00000, 0x00000000c8c00000, 0x00000000c8c00000|100%| E|CS|TAMS 0x00000000c8b00000, 0x00000000c8b00000| Complete 
|  52|0x00000000c8c00000, 0x00000000c8d00000, 0x00000000c8d00000|100%| E|CS|TAMS 0x00000000c8c00000, 0x00000000c8c00000| Complete 
|  53|0x00000000c8d00000, 0x00000000c8e00000, 0x00000000c8e00000|100%| E|CS|TAMS 0x00000000c8d00000, 0x00000000c8d00000| Complete 
|  54|0x00000000c8e00000, 0x00000000c8f00000, 0x00000000c8f00000|100%| E|CS|TAMS 0x00000000c8e00000, 0x00000000c8e00000| Complete 
|  55|0x00000000c8f00000, 0x00000000c9000000, 0x00000000c9000000|100%| E|CS|TAMS 0x00000000c8f00000, 0x00000000c8f00000| Complete 
|  56|0x00000000c9000000, 0x00000000c9100000, 0x00000000c9100000|100%| E|CS|TAMS 0x00000000c9000000, 0x00000000c9000000| Complete 
|  57|0x00000000c9100000, 0x00000000c9200000, 0x00000000c9200000|100%| E|CS|TAMS 0x00000000c9100000, 0x00000000c9100000| Complete 
|  58|0x00000000c9200000, 0x00000000c9300000, 0x00000000c9300000|100%| E|CS|TAMS 0x00000000c9200000, 0x00000000c9200000| Complete 
|  59|0x00000000c9300000, 0x00000000c9400000, 0x00000000c9400000|100%| E|CS|TAMS 0x00000000c9300000, 0x00000000c9300000| Complete 

Card table byte_map: [0x00000179dbaa0000,0x00000179dbc80000] _byte_map_base: 0x00000179db474000

Marking Bits (Prev, Next): (CMBitMap*) 0x00000179dbd35e70, (CMBitMap*) 0x00000179dbd35eb0
 Prev Bits: [0x00000179f2e40000, 0x00000179f3ce0000)
 Next Bits: [0x00000179f3ce0000, 0x00000179f4b80000)

Polling page: 0x00000179d9ce0000

Metaspace:

Usage:
  Non-class:     18.21 MB used.
      Class:      2.12 MB used.
       Both:     20.33 MB used.

Virtual space:
  Non-class space:       64.00 MB reserved,      18.31 MB ( 29%) committed,  1 nodes.
      Class space:        1.00 GB reserved,       2.25 MB ( <1%) committed,  1 nodes.
             Both:        1.06 GB reserved,      20.56 MB (  2%) committed. 

Chunk freelists:
   Non-Class:  976.00 KB
       Class:  1.70 MB
        Both:  2.65 MB

MaxMetaspaceSize: unlimited
CompressedClassSpaceSize: 1.00 GB
Initial GC threshold: 21.00 MB
Current GC threshold: 21.00 MB
CDS: on
MetaspaceReclaimPolicy: balanced
 - commit_granule_bytes: 65536.
 - commit_granule_words: 8192.
 - virtual_space_node_default_size: 8388608.
 - enlarge_chunks_in_place: 1.
 - new_chunks_are_fully_committed: 0.
 - uncommit_free_chunks: 1.
 - use_allocation_guard: 0.


Internal statistics:

num_allocs_failed_limit: 0.
num_arena_births: 230.
num_arena_deaths: 0.
num_vsnodes_births: 2.
num_vsnodes_deaths: 0.
num_space_committed: 329.
num_space_uncommitted: 0.
num_chunks_returned_to_freelist: 0.
num_chunks_taken_from_freelist: 445.
num_chunk_merges: 0.
num_chunk_splits: 285.
num_chunks_enlarged: 190.
num_inconsistent_stats: 0.

CodeHeap 'non-profiled nmethods': size=120064Kb used=1418Kb max_used=1418Kb free=118645Kb
 bounds [0x00000179eb720000, 0x00000179eb990000, 0x00000179f2c60000]
CodeHeap 'profiled nmethods': size=120000Kb used=7800Kb max_used=7800Kb free=112199Kb
 bounds [0x00000179e3c60000, 0x00000179e4400000, 0x00000179eb190000]
CodeHeap 'non-nmethods': size=5696Kb used=1472Kb max_used=1508Kb free=4223Kb
 bounds [0x00000179eb190000, 0x00000179eb400000, 0x00000179eb720000]
 total_blobs=4444 nmethods=3701 adapters=652
 compilation: enabled
              stopped_count=0, restarted_count=0
 full_count=0

Compilation events (20 events):
Event: 671.166 Thread 0x00000179f6edace0 nmethod 3691 0x00000179e43f2f90 code [0x00000179e43f3180, 0x00000179e43f3778]
Event: 681.183 Thread 0x00000179f6edace0 3692       1       jdk.internal.loader.URLClassPath$FileLoader$1::getURL (5 bytes)
Event: 681.184 Thread 0x00000179f6edace0 nmethod 3692 0x00000179eb882110 code [0x00000179eb8822a0, 0x00000179eb882358]
Event: 756.238 Thread 0x00000179f6ed1ba0 3693       4       java.lang.Class::getName (18 bytes)
Event: 756.248 Thread 0x00000179f6ed1ba0 nmethod 3693 0x00000179eb882410 code [0x00000179eb8825a0, 0x00000179eb882648]
Event: 796.287 Thread 0x00000179f6edace0 3694       3       java.util.concurrent.TimeUnit::toNanos (45 bytes)
Event: 796.303 Thread 0x00000179f6edace0 nmethod 3694 0x00000179e43f3990 code [0x00000179e43f3b40, 0x00000179e43f3db8]
Event: 982.701 Thread 0x00000179f6edace0 3696       3       java.net.URL::isBuiltinStreamHandler (32 bytes)
Event: 982.739 Thread 0x00000179f6edace0 nmethod 3696 0x00000179e43f3e90 code [0x00000179e43f40e0, 0x00000179e43f4958]
Event: 982.739 Thread 0x00000179f6edace0 3697       3       java.net.URL::isBuiltinStreamHandler (8 bytes)
Event: 982.741 Thread 0x00000179f6edace0 nmethod 3697 0x00000179e43f4c90 code [0x00000179e43f4e40, 0x00000179e43f5008]
Event: 982.741 Thread 0x00000179f6edace0 3698       3       sun.net.util.IPAddressUtil::checkHostString (53 bytes)
Event: 982.759 Thread 0x00000179f6edace0 nmethod 3698 0x00000179e43f5110 code [0x00000179e43f53a0, 0x00000179e43f5e78]
Event: 1029.400 Thread 0x00000179f6edace0 3699  s!   3       jdk.internal.loader.URLClassPath::getLoader (194 bytes)
Event: 1029.554 Thread 0x00000179f6edace0 nmethod 3699 0x00000179e43f6310 code [0x00000179e43f6600, 0x00000179e43f78d8]
Event: 1034.415 Thread 0x00000179f6edace0 3701   !   3       java.util.concurrent.locks.LockSupport::parkNanos (56 bytes)
Event: 1034.426 Thread 0x00000179f6edace0 nmethod 3701 0x00000179e43f8010 code [0x00000179e43f8200, 0x00000179e43f8668]
Event: 1039.420 Thread 0x00000179f6edace0 3702   !   3       java.net.URL::<init> (543 bytes)
Event: 1039.535 Thread 0x00000179f6edace0 nmethod 3702 0x00000179e43f8810 code [0x00000179e43f8e20, 0x00000179e43fc4b8]
Event: 1044.447 Thread 0x00000179f6edace0 3705       3       java.net.URLStreamHandler::parseURL (1124 bytes)

GC Heap History (8 events):
Event: 3.154 GC heap before
{Heap before GC invocations=0 (full 0):
 garbage-first heap   total 61440K, used 7168K [0x00000000c5800000, 0x0000000100000000)
  region size 1024K, 6 young (6144K), 0 survivors (0K)
 Metaspace       used 4720K, committed 4992K, reserved 1114112K
  class space    used 508K, committed 640K, reserved 1048576K
}
Event: 3.184 GC heap after
{Heap after GC invocations=1 (full 0):
 garbage-first heap   total 61440K, used 3655K [0x00000000c5800000, 0x0000000100000000)
  region size 1024K, 1 young (1024K), 1 survivors (1024K)
 Metaspace       used 4720K, committed 4992K, reserved 1114112K
  class space    used 508K, committed 640K, reserved 1048576K
}
Event: 8.181 GC heap before
{Heap before GC invocations=1 (full 0):
 garbage-first heap   total 61440K, used 14919K [0x00000000c5800000, 0x0000000100000000)
  region size 1024K, 6 young (6144K), 1 survivors (1024K)
 Metaspace       used 8074K, committed 8320K, reserved 1114112K
  class space    used 902K, committed 1024K, reserved 1048576K
}
Event: 8.188 GC heap after
{Heap after GC invocations=2 (full 0):
 garbage-first heap   total 61440K, used 11055K [0x00000000c5800000, 0x0000000100000000)
  region size 1024K, 1 young (1024K), 1 survivors (1024K)
 Metaspace       used 8074K, committed 8320K, reserved 1114112K
  class space    used 902K, committed 1024K, reserved 1048576K
}
Event: 64.542 GC heap before
{Heap before GC invocations=2 (full 0):
 garbage-first heap   total 61440K, used 21295K [0x00000000c5800000, 0x0000000100000000)
  region size 1024K, 12 young (12288K), 1 survivors (1024K)
 Metaspace       used 12959K, committed 13184K, reserved 1114112K
  class space    used 1349K, committed 1472K, reserved 1048576K
}
Event: 64.563 GC heap after
{Heap after GC invocations=3 (full 0):
 garbage-first heap   total 61440K, used 12754K [0x00000000c5800000, 0x0000000100000000)
  region size 1024K, 2 young (2048K), 2 survivors (2048K)
 Metaspace       used 12959K, committed 13184K, reserved 1114112K
  class space    used 1349K, committed 1472K, reserved 1048576K
}
Event: 209.258 GC heap before
{Heap before GC invocations=3 (full 0):
 garbage-first heap   total 61440K, used 54738K [0x00000000c5800000, 0x0000000100000000)
  region size 1024K, 30 young (30720K), 2 survivors (2048K)
 Metaspace       used 20493K, committed 20800K, reserved 1114112K
  class space    used 2155K, committed 2304K, reserved 1048576K
}
Event: 209.330 GC heap after
{Heap after GC invocations=4 (full 0):
 garbage-first heap   total 61440K, used 30162K [0x00000000c5800000, 0x0000000100000000)
  region size 1024K, 4 young (4096K), 4 survivors (4096K)
 Metaspace       used 20493K, committed 20800K, reserved 1114112K
  class space    used 2155K, committed 2304K, reserved 1048576K
}

Dll operation events (11 events):
Event: 0.041 Loaded shared library C:\Program Files\Java\jdk-19\bin\java.dll
Event: 0.066 Loaded shared library C:\Program Files\Java\jdk-19\bin\jsvml.dll
Event: 0.214 Loaded shared library C:\Program Files\Java\jdk-19\bin\net.dll
Event: 0.223 Loaded shared library C:\Program Files\Java\jdk-19\bin\nio.dll
Event: 0.251 Loaded shared library C:\Program Files\Java\jdk-19\bin\zip.dll
Event: 1.186 Loaded shared library C:\Program Files\Java\jdk-19\bin\jimage.dll
Event: 2.034 Loaded shared library C:\Program Files\Java\jdk-19\bin\awt.dll
Event: 3.710 Loaded shared library C:\Program Files\Java\jdk-19\bin\freetype.dll
Event: 3.715 Loaded shared library C:\Program Files\Java\jdk-19\bin\fontmanager.dll
Event: 64.299 Loaded shared library C:\Program Files\Java\jdk-19\bin\extnet.dll
Event: 64.891 Loaded shared library C:\Program Files\Java\jdk-19\bin\sunmscapi.dll

Deoptimization events (20 events):
Event: 209.369 Thread 0x00000179fb1a7a00 DEOPT PACKING pc=0x00000179eb7e8088 sp=0x00000051d04fd910
Event: 209.369 Thread 0x00000179fb1a7a00 DEOPT UNPACKING pc=0x00000179eb1f6d9d sp=0x00000051d04fd898 mode 2
Event: 210.382 Thread 0x00000179fb1a7a00 DEOPT PACKING pc=0x00000179e407ced7 sp=0x00000051d04fc840
Event: 210.382 Thread 0x00000179fb1a7a00 DEOPT UNPACKING pc=0x00000179eb1f7524 sp=0x00000051d04fbcc0 mode 0
Event: 210.964 Thread 0x00000179fb1a7a00 Uncommon trap: trap_request=0xffffff45 fr.pc=0x00000179eb72f7c8 relative=0x00000000000001a8
Event: 210.964 Thread 0x00000179fb1a7a00 Uncommon trap: reason=unstable_if action=reinterpret pc=0x00000179eb72f7c8 method=java.lang.String.isLatin1()Z @ 10 c2
Event: 210.964 Thread 0x00000179fb1a7a00 DEOPT PACKING pc=0x00000179eb72f7c8 sp=0x00000051d04fcfb0
Event: 210.964 Thread 0x00000179fb1a7a00 DEOPT UNPACKING pc=0x00000179eb1f6d9d sp=0x00000051d04fcee0 mode 2
Event: 211.181 Thread 0x00000179fb1a7a00 Uncommon trap: trap_request=0xffffff45 fr.pc=0x00000179eb72ff68 relative=0x0000000000000048
Event: 211.181 Thread 0x00000179fb1a7a00 Uncommon trap: reason=unstable_if action=reinterpret pc=0x00000179eb72ff68 method=java.lang.CharacterData.of(I)Ljava/lang/CharacterData; @ 4 c2
Event: 211.181 Thread 0x00000179fb1a7a00 DEOPT PACKING pc=0x00000179eb72ff68 sp=0x00000051d04fcf20
Event: 211.181 Thread 0x00000179fb1a7a00 DEOPT UNPACKING pc=0x00000179eb1f6d9d sp=0x00000051d04fceb8 mode 2
Event: 211.245 Thread 0x00000179fb1a7a00 Uncommon trap: trap_request=0xffffff45 fr.pc=0x00000179eb865140 relative=0x0000000000000400
Event: 211.245 Thread 0x00000179fb1a7a00 Uncommon trap: reason=unstable_if action=reinterpret pc=0x00000179eb865140 method=java.lang.Character.isSurrogate(C)Z @ 3 c2
Event: 211.245 Thread 0x00000179fb1a7a00 DEOPT PACKING pc=0x00000179eb865140 sp=0x00000051d04fcbd0
Event: 211.245 Thread 0x00000179fb1a7a00 DEOPT UNPACKING pc=0x00000179eb1f6d9d sp=0x00000051d04fcaf8 mode 2
Event: 215.208 Thread 0x00000179fb1a7a00 Uncommon trap: trap_request=0xffffff45 fr.pc=0x00000179eb83460c relative=0x0000000000000e2c
Event: 215.208 Thread 0x00000179fb1a7a00 Uncommon trap: reason=unstable_if action=reinterpret pc=0x00000179eb83460c method=java.awt.Container.getMouseEventTargetImpl(IIZLjava/awt/Container$EventTargetFilter;ZZ)Ljava/awt/Component; @ 218 c2
Event: 215.208 Thread 0x00000179fb1a7a00 DEOPT PACKING pc=0x00000179eb83460c sp=0x00000051d04feac0
Event: 215.208 Thread 0x00000179fb1a7a00 DEOPT UNPACKING pc=0x00000179eb1f6d9d sp=0x00000051d04fea58 mode 2

Classes loaded (20 events):
Event: 208.502 Loading class java/lang/foreign/MemorySegment
Event: 208.504 Loading class java/lang/foreign/Addressable
Event: 208.507 Loading class java/lang/foreign/Addressable done
Event: 208.507 Loading class java/lang/foreign/MemorySegment done
Event: 209.339 Loading class sun/security/ssl/Alert
Event: 209.339 Loading class sun/security/ssl/Alert done
Event: 209.341 Loading class sun/security/ssl/Alert$AlertConsumer
Event: 209.341 Loading class sun/security/ssl/Alert$AlertConsumer done
Event: 209.341 Loading class sun/security/ssl/Alert$Level
Event: 209.341 Loading class java/lang/Throwable$WrappedPrintStream
Event: 209.341 Loading class sun/security/ssl/Alert$Level done
Event: 209.341 Loading class java/lang/Throwable$PrintStreamOrWriter
Event: 209.341 Loading class java/lang/Throwable$PrintStreamOrWriter done
Event: 209.341 Loading class java/lang/Throwable$WrappedPrintStream done
Event: 209.344 Loading class java/lang/StackTraceElement$HashedModules
Event: 209.345 Loading class java/lang/StackTraceElement$HashedModules done
Event: 210.105 Loading class sun/font/SunFontManager$8
Event: 210.106 Loading class sun/font/SunFontManager$8 done
Event: 210.108 Loading class sun/font/SunFontManager$9
Event: 210.109 Loading class sun/font/SunFontManager$9 done

Classes unloaded (0 events):
No events

Classes redefined (0 events):
No events

Internal exceptions (20 events):
Event: 3.687 Thread 0x00000179dbcf68d0 Exception <a 'java/lang/NoSuchMethodError'{0x00000000c92a3fa8}: 'void java.lang.invoke.DirectMethodHandle$Holder.invokeStaticInit(java.lang.Object)'> (0x00000000c92a3fa8) 
thrown [s\open\src\hotspot\share\interpreter\linkResolver.cpp, line 774]
Event: 3.901 Thread 0x00000179fb3c9730 Exception <a 'java/lang/NoSuchMethodError'{0x00000000c928f3f8}: 'void java.lang.invoke.DirectMethodHandle$Holder.invokeVirtual(java.lang.Object, java.lang.Object)'> (0x00000000c928f3f8) 
thrown [s\open\src\hotspot\share\interpreter\linkResolver.cpp, line 774]
Event: 8.257 Thread 0x00000179fb1a7a00 Exception <a 'java/io/FileNotFoundException'{0x00000000c9356218}> (0x00000000c9356218) 
thrown [s\open\src\hotspot\share\prims\jni.cpp, line 517]
Event: 8.275 Thread 0x00000179fb1a7a00 Exception <a 'java/io/FileNotFoundException'{0x00000000c936ca00}> (0x00000000c936ca00) 
thrown [s\open\src\hotspot\share\prims\jni.cpp, line 517]
Event: 8.366 Thread 0x00000179fb1a7a00 Exception <a 'java/io/FileNotFoundException'{0x00000000c93e8248}> (0x00000000c93e8248) 
thrown [s\open\src\hotspot\share\prims\jni.cpp, line 517]
Event: 8.374 Thread 0x00000179fb1a7a00 Exception <a 'java/io/FileNotFoundException'{0x00000000c93fb6b8}> (0x00000000c93fb6b8) 
thrown [s\open\src\hotspot\share\prims\jni.cpp, line 517]
Event: 8.382 Thread 0x00000179fb1a7a00 Exception <a 'java/io/FileNotFoundException'{0x00000000c92122b0}> (0x00000000c92122b0) 
thrown [s\open\src\hotspot\share\prims\jni.cpp, line 517]
Event: 64.057 Thread 0x00000179fb1a7a00 Exception <a 'java/lang/NoSuchMethodError'{0x00000000c8f59ac0}: 'void java.lang.invoke.DirectMethodHandle$Holder.invokeStatic(java.lang.Object, java.lang.Object, java.lang.Object)'> (0x00000000c8f59ac0) 
thrown [s\open\src\hotspot\share\interpreter\linkResolver.cpp, line 774]
Event: 64.065 Thread 0x00000179fb1a7a00 Exception <a 'java/lang/NoSuchMethodError'{0x00000000c8f63d28}: 'java.lang.Object java.lang.invoke.DirectMethodHandle$Holder.invokeVirtual(java.lang.Object, java.lang.Object, java.lang.Object)'> (0x00000000c8f63d28) 
thrown [s\open\src\hotspot\share\interpreter\linkResolver.cpp, line 774]
Event: 64.302 Thread 0x00000179fb1a7a00 Exception <a 'java/lang/NoSuchMethodError'{0x00000000c8bd2730}: 'void java.lang.invoke.DirectMethodHandle$Holder.invokeStatic(java.lang.Object, java.lang.Object)'> (0x00000000c8bd2730) 
thrown [s\open\src\hotspot\share\interpreter\linkResolver.cpp, line 774]
Event: 64.483 Thread 0x00000179fb1a7a00 Exception <a 'java/lang/NoSuchMethodError'{0x00000000c8871880}: 'void java.lang.invoke.DirectMethodHandle$Holder.invokeStaticInit(java.lang.Object, java.lang.Object)'> (0x00000000c8871880) 
thrown [s\open\src\hotspot\share\interpreter\linkResolver.cpp, line 774]
Event: 64.639 Thread 0x00000179fb1a7a00 Exception <a 'sun/nio/fs/WindowsException'{0x00000000c93e5ac0}> (0x00000000c93e5ac0) 
thrown [s\open\src\hotspot\share\prims\jni.cpp, line 517]
Event: 64.740 Thread 0x00000179fb1a7a00 Exception <a 'java/lang/NoSuchMethodError'{0x00000000c929e220}: 'java.lang.Object java.lang.invoke.DirectMethodHandle$Holder.invokeStaticInit(java.lang.Object, int, int, int, int)'> (0x00000000c929e220) 
thrown [s\open\src\hotspot\share\interpreter\linkResolver.cpp, line 774]
Event: 64.839 Thread 0x00000179fb1a7a00 Exception <a 'java/lang/NoSuchMethodError'{0x00000000c92d16e0}: 'java.lang.Object java.lang.invoke.DirectMethodHandle$Holder.invokeStaticInit(java.lang.Object, java.lang.Object, int, int, int, int)'> (0x00000000c92d16e0) 
thrown [s\open\src\hotspot\share\interpreter\linkResolver.cpp, line 774]
Event: 64.930 Thread 0x00000179fb1a7a00 Exception <a 'java/lang/NoSuchMethodError'{0x00000000c9142e00}: 'int java.lang.invoke.DirectMethodHandle$Holder.invokeSpecial(java.lang.Object, java.lang.Object, java.lang.Object)'> (0x00000000c9142e00) 
thrown [s\open\src\hotspot\share\interpreter\linkResolver.cpp, line 774]
Event: 65.712 Thread 0x00000179fb1a7a00 Exception <a 'java/lang/NoSuchMethodError'{0x00000000c8e7e808}: 'int java.lang.invoke.DirectMethodHandle$Holder.invokeStatic(java.lang.Object)'> (0x00000000c8e7e808) 
thrown [s\open\src\hotspot\share\interpreter\linkResolver.cpp, line 774]
Event: 209.341 Thread 0x00000179fb1a7a00 Exception <a 'java/io/FileNotFoundException'{0x00000000c93ad200}> (0x00000000c93ad200) 
thrown [s\open\src\hotspot\share\prims\jni.cpp, line 517]
Event: 209.448 Thread 0x00000179fc122ef0 Exception <a 'java/io/FileNotFoundException'{0x00000000c9207db8}> (0x00000000c9207db8) 
thrown [s\open\src\hotspot\share\prims\jni.cpp, line 517]
Event: 210.780 Thread 0x00000179fb1a7a00 Exception <a 'java/io/FileNotFoundException'{0x00000000c8efdc30}> (0x00000000c8efdc30) 
thrown [s\open\src\hotspot\share\prims\jni.cpp, line 517]
Event: 212.062 Thread 0x00000179fc122ef0 Exception <a 'java/io/FileNotFoundException'{0x00000000c9208708}> (0x00000000c9208708) 
thrown [s\open\src\hotspot\share\prims\jni.cpp, line 517]

VM Operations (20 events):
Event: 204.790 Executing VM operation: ICBufferFull
Event: 204.790 Executing VM operation: ICBufferFull done
Event: 205.801 Executing VM operation: Cleanup
Event: 205.802 Executing VM operation: Cleanup done
Event: 206.807 Executing VM operation: Cleanup
Event: 206.808 Executing VM operation: Cleanup done
Event: 207.819 Executing VM operation: Cleanup
Event: 207.819 Executing VM operation: Cleanup done
Event: 208.832 Executing VM operation: Cleanup
Event: 208.832 Executing VM operation: Cleanup done
Event: 209.257 Executing VM operation: G1TryInitiateConcMark
Event: 209.330 Executing VM operation: G1TryInitiateConcMark done
Event: 210.335 Executing VM operation: Cleanup
Event: 210.335 Executing VM operation: Cleanup done
Event: 211.198 Executing VM operation: HandshakeAllThreads
Event: 211.198 Executing VM operation: HandshakeAllThreads done
Event: 212.206 Executing VM operation: Cleanup
Event: 212.207 Executing VM operation: Cleanup done
Event: 676.210 Executing VM operation: Cleanup
Event: 676.222 Executing VM operation: Cleanup done

Events (20 events):
Event: 2.578 Thread 0x00000179fb3c4020 Thread added: 0x00000179fb3c4020
Event: 2.586 Thread 0x00000179fb3c91f0 Thread added: 0x00000179fb3c91f0
Event: 2.618 Thread 0x00000179fb3c9730 Thread added: 0x00000179fb3c9730
Event: 3.069 Thread 0x00000179fb2f4ff0 Thread added: 0x00000179fb2f4ff0
Event: 3.621 Thread 0x00000179fb1a7a00 Thread added: 0x00000179fb1a7a00
Event: 7.228 Thread 0x00000179fb147c20 Thread added: 0x00000179fb147c20
Event: 8.125 Thread 0x00000179dbcf68d0 Thread exited: 0x00000179dbcf68d0
Event: 8.125 Thread 0x00000179fc124430 Thread added: 0x00000179fc124430
Event: 12.248 Thread 0x00000179fb147c20 Thread exited: 0x00000179fb147c20
Event: 12.381 Thread 0x00000179fb2f4ff0 Thread exited: 0x00000179fb2f4ff0
Event: 41.573 Thread 0x00000179fc1229a0 Thread added: 0x00000179fc1229a0
Event: 63.623 Thread 0x00000179fc125420 Thread added: 0x00000179fc125420
Event: 65.569 Thread 0x00000179fc122ef0 Thread added: 0x00000179fc122ef0
Event: 70.600 Thread 0x00000179fc122ef0 Thread exited: 0x00000179fc122ef0
Event: 76.250 Thread 0x00000179fc123990 Thread added: 0x00000179fc123990
Event: 76.255 Thread 0x00000179fc123ee0 Thread added: 0x00000179fc123ee0
Event: 81.277 Thread 0x00000179fc123990 Thread exited: 0x00000179fc123990
Event: 81.293 Thread 0x00000179fc123ee0 Thread exited: 0x00000179fc123ee0
Event: 204.067 Thread 0x00000179fc122ef0 Thread added: 0x00000179fc122ef0
Event: 217.067 Thread 0x00000179fc122ef0 Thread exited: 0x00000179fc122ef0


Dynamic libraries:
0x00007ff6281c0000 - 0x00007ff6281d0000 	C:\Program Files\Java\jdk-19\bin\javaw.exe
0x00007ffb4bef0000 - 0x00007ffb4c104000 	C:\WINDOWS\SYSTEM32\ntdll.dll
0x00007ffb4ad00000 - 0x00007ffb4adc4000 	C:\WINDOWS\System32\KERNEL32.DLL
0x00007ffb49730000 - 0x00007ffb49ad4000 	C:\WINDOWS\System32\KERNELBASE.dll
0x00007ffb49610000 - 0x00007ffb49721000 	C:\WINDOWS\System32\ucrtbase.dll
0x00007ffb39b40000 - 0x00007ffb39b58000 	C:\Program Files\Java\jdk-19\bin\jli.dll
0x00007ffb4ac40000 - 0x00007ffb4acf0000 	C:\WINDOWS\System32\ADVAPI32.dll
0x00007ffb4ab90000 - 0x00007ffb4ac37000 	C:\WINDOWS\System32\msvcrt.dll
0x00007ffb49e30000 - 0x00007ffb49ed6000 	C:\WINDOWS\System32\sechost.dll
0x00007ffb4add0000 - 0x00007ffb4aee7000 	C:\WINDOWS\System32\RPCRT4.dll
0x00007ffb38870000 - 0x00007ffb3888b000 	C:\Program Files\Java\jdk-19\bin\VCRUNTIME140.dll
0x00007ffb49c80000 - 0x00007ffb49e2e000 	C:\WINDOWS\System32\USER32.dll
0x00007ffb35eb0000 - 0x00007ffb36143000 	C:\WINDOWS\WinSxS\amd64_microsoft.windows.common-controls_6595b64144ccf1df_6.0.22621.2215_none_270d72677387dfc3\COMCTL32.dll
0x00007ffb495e0000 - 0x00007ffb49606000 	C:\WINDOWS\System32\win32u.dll
0x00007ffb49ee0000 - 0x00007ffb49f09000 	C:\WINDOWS\System32\GDI32.dll
0x00007ffb49ae0000 - 0x00007ffb49bf8000 	C:\WINDOWS\System32\gdi32full.dll
0x00007ffb492a0000 - 0x00007ffb4933a000 	C:\WINDOWS\System32\msvcp_win.dll
0x00007ffb3acd0000 - 0x00007ffb3acda000 	C:\WINDOWS\SYSTEM32\VERSION.dll
0x00007ffb4a0b0000 - 0x00007ffb4a0e1000 	C:\WINDOWS\System32\IMM32.DLL
0x00007ffb434d0000 - 0x00007ffb434dc000 	C:\Program Files\Java\jdk-19\bin\vcruntime140_1.dll
0x00007ffb32dc0000 - 0x00007ffb32e4e000 	C:\Program Files\Java\jdk-19\bin\msvcp140.dll
0x00007ffae9440000 - 0x00007ffaea100000 	C:\Program Files\Java\jdk-19\bin\server\jvm.dll
0x00007ffb3a920000 - 0x00007ffb3a954000 	C:\WINDOWS\SYSTEM32\WINMM.dll
0x00007ffb34eb0000 - 0x00007ffb34eb9000 	C:\WINDOWS\SYSTEM32\WSOCK32.dll
0x00007ffb4a100000 - 0x00007ffb4a171000 	C:\WINDOWS\System32\WS2_32.dll
0x00007ffb482f0000 - 0x00007ffb48308000 	C:\WINDOWS\SYSTEM32\kernel.appcore.dll
0x00007ffb34630000 - 0x00007ffb3463a000 	C:\Program Files\Java\jdk-19\bin\jimage.dll
0x00007ffb46dd0000 - 0x00007ffb46ffe000 	C:\WINDOWS\SYSTEM32\DBGHELP.DLL
0x00007ffb4bb20000 - 0x00007ffb4beaa000 	C:\WINDOWS\System32\combase.dll
0x00007ffb49fc0000 - 0x00007ffb4a097000 	C:\WINDOWS\System32\OLEAUT32.dll
0x00007ffb2bca0000 - 0x00007ffb2bcd2000 	C:\WINDOWS\SYSTEM32\dbgcore.DLL
0x00007ffb49c00000 - 0x00007ffb49c7a000 	C:\WINDOWS\System32\bcryptPrimitives.dll
0x00007ffb0a470000 - 0x00007ffb0a496000 	C:\Program Files\Java\jdk-19\bin\java.dll
0x00007ffaf0020000 - 0x00007ffaf00f7000 	C:\Program Files\Java\jdk-19\bin\jsvml.dll
0x00007ffb4b2f0000 - 0x00007ffb4bb13000 	C:\WINDOWS\System32\SHELL32.dll
0x00007ffb47230000 - 0x00007ffb47b1a000 	C:\WINDOWS\SYSTEM32\windows.storage.dll
0x00007ffb470f0000 - 0x00007ffb4722e000 	C:\WINDOWS\SYSTEM32\wintypes.dll
0x00007ffb4b1b0000 - 0x00007ffb4b2a3000 	C:\WINDOWS\System32\SHCORE.dll
0x00007ffb4ab30000 - 0x00007ffb4ab8e000 	C:\WINDOWS\System32\shlwapi.dll
0x00007ffb491d0000 - 0x00007ffb491f6000 	C:\WINDOWS\SYSTEM32\profapi.dll
0x00007ffb0ce70000 - 0x00007ffb0ce83000 	C:\Program Files\Java\jdk-19\bin\net.dll
0x00007ffb3ab50000 - 0x00007ffb3ac87000 	C:\WINDOWS\SYSTEM32\WINHTTP.dll
0x00007ffb48770000 - 0x00007ffb487d9000 	C:\WINDOWS\system32\mswsock.dll
0x00007ffb0a5f0000 - 0x00007ffb0a606000 	C:\Program Files\Java\jdk-19\bin\nio.dll
0x00007ffb081d0000 - 0x00007ffb081e8000 	C:\Program Files\Java\jdk-19\bin\zip.dll
0x00007ffb2dd40000 - 0x00007ffb2ded1000 	C:\Program Files\Java\jdk-19\bin\awt.dll
0x00007ffb45ee0000 - 0x00007ffb45f77000 	C:\WINDOWS\SYSTEM32\apphelp.dll
0x00007ffb466d0000 - 0x00007ffb466fb000 	C:\WINDOWS\system32\DWMAPI.DLL
0x00007ffb46480000 - 0x00007ffb4652b000 	C:\WINDOWS\system32\uxtheme.dll
0x00007ffb2fd70000 - 0x00007ffb2fe70000 	C:\WINDOWS\system32\opengl32.dll
0x00007ffb39490000 - 0x00007ffb394bd000 	C:\WINDOWS\SYSTEM32\GLU32.dll
0x00007ffb46580000 - 0x00007ffb465b8000 	C:\WINDOWS\SYSTEM32\dxcore.dll
0x00007ffb4a4d0000 - 0x00007ffb4a619000 	C:\WINDOWS\System32\MSCTF.dll
0x00007ffb4a1e0000 - 0x00007ffb4a37e000 	C:\WINDOWS\System32\ole32.dll
0x00007ffb2dcb0000 - 0x00007ffb2dd36000 	C:\Program Files\Java\jdk-19\bin\freetype.dll
0x00007ffb14870000 - 0x00007ffb14936000 	C:\Program Files\Java\jdk-19\bin\fontmanager.dll
0x00007ffb38b40000 - 0x00007ffb38c84000 	C:\WINDOWS\SYSTEM32\textinputframework.dll
0x00007ffb45210000 - 0x00007ffb45343000 	C:\WINDOWS\SYSTEM32\CoreMessaging.dll
0x00007ffb42ce0000 - 0x00007ffb4304c000 	C:\WINDOWS\SYSTEM32\CoreUIComponents.dll
0x00007ffb489e0000 - 0x00007ffb489ec000 	C:\WINDOWS\SYSTEM32\CRYPTBASE.DLL
0x00007ffb49f10000 - 0x00007ffb49fc0000 	C:\WINDOWS\System32\clbcatq.dll
0x00007ffb43d10000 - 0x00007ffb43ec0000 	C:\WINDOWS\SYSTEM32\WindowsCodecs.dll
0x00007ffb38f50000 - 0x00007ffb38fae000 	C:\WINDOWS\system32\dataexchange.dll
0x00007ffb41da0000 - 0x00007ffb42022000 	C:\WINDOWS\system32\twinapi.appcore.dll
0x00007ffb47df0000 - 0x00007ffb47ee2000 	C:\WINDOWS\SYSTEM32\DNSAPI.dll
0x00007ffb47dc0000 - 0x00007ffb47ded000 	C:\WINDOWS\SYSTEM32\IPHLPAPI.DLL
0x00007ffb4acf0000 - 0x00007ffb4acf9000 	C:\WINDOWS\System32\NSI.dll
0x00007ffb32ac0000 - 0x00007ffb32aca000 	C:\Windows\System32\rasadhlp.dll
0x00007ffb3a3f0000 - 0x00007ffb3a474000 	C:\WINDOWS\System32\fwpuclnt.dll
0x00007ffb39b60000 - 0x00007ffb39b68000 	C:\Program Files\Java\jdk-19\bin\extnet.dll
0x00007ffb489c0000 - 0x00007ffb489db000 	C:\WINDOWS\SYSTEM32\CRYPTSP.dll
0x00007ffb48260000 - 0x00007ffb48295000 	C:\WINDOWS\system32\rsaenh.dll
0x00007ffb48860000 - 0x00007ffb4888c000 	C:\WINDOWS\SYSTEM32\USERENV.dll
0x00007ffb48b80000 - 0x00007ffb48ba8000 	C:\WINDOWS\SYSTEM32\bcrypt.dll
0x00007ffb3ad00000 - 0x00007ffb3ad19000 	C:\WINDOWS\SYSTEM32\dhcpcsvc6.DLL
0x00007ffb3ace0000 - 0x00007ffb3acff000 	C:\WINDOWS\SYSTEM32\dhcpcsvc.DLL
0x00007ffb33d90000 - 0x00007ffb33d9e000 	C:\Program Files\Java\jdk-19\bin\sunmscapi.dll
0x00007ffb49340000 - 0x00007ffb494a6000 	C:\WINDOWS\System32\CRYPT32.dll
0x00007ffb48b50000 - 0x00007ffb48b7e000 	C:\WINDOWS\SYSTEM32\ncrypt.dll
0x00007ffb48b10000 - 0x00007ffb48b47000 	C:\WINDOWS\SYSTEM32\NTASN1.dll

dbghelp: loaded successfully - version: 4.0.5 - missing functions: none
symbol engine: initialized successfully - sym options: 0x614 - pdb path: .;C:\Program Files\Java\jdk-19\bin;C:\WINDOWS\SYSTEM32;C:\WINDOWS\WinSxS\amd64_microsoft.windows.common-controls_6595b64144ccf1df_6.0.22621.2215_none_270d72677387dfc3;C:\Program Files\Java\jdk-19\bin\server

VM Arguments:
jvm_args: -Dfile.encoding=UTF-8 --module-path=C:\Users\maria\Downloads\mysql-connector-j-8.1.0\mysql-connector-j-8.1.0\mysql-connector-j-8.1.0.jar -XX:+ShowCodeDetailsInExceptionMessages 
java_command: Teste
java_class_path (initial): C:\Users\maria\eclipse-workspace\ProjetoFinal\bin
Launcher Type: SUN_STANDARD

[Global flags]
     intx CICompilerCount                          = 2                                         {product} {ergonomic}
     uint ConcGCThreads                            = 1                                         {product} {ergonomic}
     uint G1ConcRefinementThreads                  = 2                                         {product} {ergonomic}
   size_t G1HeapRegionSize                         = 1048576                                   {product} {ergonomic}
    uintx GCDrainStackTargetSize                   = 64                                        {product} {ergonomic}
   size_t InitialHeapSize                          = 62914560                                  {product} {ergonomic}
   size_t MarkStackSize                            = 4194304                                   {product} {ergonomic}
   size_t MaxHeapSize                              = 981467136                                 {product} {ergonomic}
   size_t MaxNewSize                               = 588251136                                 {product} {ergonomic}
   size_t MinHeapDeltaBytes                        = 1048576                                   {product} {ergonomic}
   size_t MinHeapSize                              = 8388608                                   {product} {ergonomic}
    uintx NonNMethodCodeHeapSize                   = 5826188                                {pd product} {ergonomic}
    uintx NonProfiledCodeHeapSize                  = 122916026                              {pd product} {ergonomic}
    uintx ProfiledCodeHeapSize                     = 122916026                              {pd product} {ergonomic}
    uintx ReservedCodeCacheSize                    = 251658240                              {pd product} {ergonomic}
     bool SegmentedCodeCache                       = true                                      {product} {ergonomic}
     bool ShowCodeDetailsInExceptionMessages       = true                                   {manageable} {command line}
   size_t SoftMaxHeapSize                          = 981467136                              {manageable} {ergonomic}
     bool UseCompressedClassPointers               = true                           {product lp64_product} {ergonomic}
     bool UseCompressedOops                        = true                           {product lp64_product} {ergonomic}
     bool UseG1GC                                  = true                                      {product} {ergonomic}
     bool UseLargePagesIndividualAllocation        = false                                  {pd product} {ergonomic}

Logging:
Log output configuration:
 #0: stdout all=warning uptime,level,tags foldmultilines=false
 #1: stderr all=off uptime,level,tags foldmultilines=false

Environment Variables:
JAVA_HOME=C:\Program Files\Java\jdk-19
PATH=C:/Program Files/Java/jdk-19/bin/server;C:/Program Files/Java/jdk-19/bin;C:\Program Files\Common Files\Oracle\Java\javapath;C:\WINDOWS\system32;C:\WINDOWS;C:\WINDOWS\System32\Wbem;C:\WINDOWS\System32\WindowsPowerShell\v1.0\;C:\WINDOWS\System32\OpenSSH\;C:\Program Files\Java\jdk-19\bin;C:\Program Files\Git\cmd;C:\Program Files\MySQL\MySQL Shell 8.0\bin\;C:\Users\maria\AppData\Local\Microsoft\WindowsApps;C:\Users\maria\AppData\Local\Programs\Microsoft VS Code\bin;C:\Users\maria\AppData\Local\GitHubDesktop\bin;C:\Users\maria\OneDrive\Área de Trabalho;
USERNAME=maria
OS=Windows_NT
PROCESSOR_IDENTIFIER=Intel64 Family 6 Model 122 Stepping 8, GenuineIntel
TMP=C:\Users\maria\AppData\Local\Temp
TEMP=C:\Users\maria\AppData\Local\Temp



---------------  S Y S T E M  ---------------

OS:
 Windows 11 , 64 bit Build 22621 (10.0.22621.2215)
OS uptime: 12 days 13:21 hours

CPU: total 2 (initial active 2) (2 cores per cpu, 1 threads per core) family 6 model 122 stepping 8 microcode 0x1a, cx8, cmov, fxsr, mmx, 3dnowpref, sse, sse2, sse3, ssse3, sse4.1, sse4.2, popcnt, tsc, tscinvbit, aes, erms, clmul, sha, clflush, clflushopt, rdtscp, rdpid

Memory: 4k page, system-wide physical 3737M (139M free)
TotalPageFile size 15001M (AvailPageFile size 4M)
current process WorkingSet (physical memory assigned to process): 14M, peak: 132M
current process commit charge ("private bytes"): 169M, peak: 176M

vm_info: Java HotSpot(TM) 64-Bit Server VM (19.0.2+7-44) for windows-amd64 JRE (19.0.2+7-44), built on 2022-11-30T18:02:09Z by "mach5one" with MS VC++ 17.1 (VS2022)

END.
