#
# There is insufficient memory for the Java Runtime Environment to continue.
# Native memory allocation (malloc) failed to allocate 580976 bytes for Chunk::new
# Possible reasons:
#   The system is out of physical RAM or swap space
#   The process is running with CompressedOops enabled, and the Java Heap may be blocking the growth of the native heap
# Possible solutions:
#   Reduce memory load on the system
#   Increase physical memory or swap space
#   Check if swap backing store is full
#   Decrease Java heap size (-Xmx/-Xms)
#   Decrease number of Java threads
#   Decrease Java thread stack sizes (-Xss)
#   Set larger code cache with -XX:ReservedCodeCacheSize=
#   JVM is running with Unscaled Compressed Oops mode in which the Java heap is
#     placed in the first 4GB address space. The Java Heap base address is the
#     maximum limit for the native heap growth. Please use -XX:HeapBaseMinAddress
#     to set the Java Heap base and to place the Java Heap above 4GB virtual address.
# This output file may be truncated or incomplete.
#
#  Out of Memory Error (arena.cpp:184), pid=26976, tid=32820
#
# JRE version: Java(TM) SE Runtime Environment (19.0.2+7) (build 19.0.2+7-44)
# Java VM: Java HotSpot(TM) 64-Bit Server VM (19.0.2+7-44, mixed mode, sharing, tiered, compressed oops, compressed class ptrs, g1 gc, windows-amd64)
# No core dump will be written. Minidumps are not enabled by default on client versions of Windows
#

---------------  S U M M A R Y ------------

Command Line: -Dfile.encoding=UTF-8 --module-path=C:\Users\maria\Downloads\mysql-connector-j-8.1.0\mysql-connector-j-8.1.0\mysql-connector-j-8.1.0.jar -XX:+ShowCodeDetailsInExceptionMessages Teste

Host: Intel(R) Celeron(R) N4020 CPU @ 1.10GHz, 2 cores, 3G,  Windows 11 , 64 bit Build 22621 (10.0.22621.2070)
Time: Wed Sep  6 18:06:51 2023 Hora Padrão de Caracas elapsed time: 5.264726 seconds (0d 0h 0m 5s)

---------------  T H R E A D  ---------------

Current thread (0x000001fcba5c7340):  JavaThread "C2 CompilerThread0" daemon [_thread_in_native, id=32820, stack(0x000000b1c8300000,0x000000b1c8400000)]


Current CompileTask:
C2:   5264  949   !   4       sun.awt.image.PNGImageDecoder::produceImage (1917 bytes)

Stack: [0x000000b1c8300000,0x000000b1c8400000]
Native frames: (J=compiled Java code, j=interpreted, Vv=VM code, C=native code)
V  [jvm.dll+0x6ee21a]
V  [jvm.dll+0x85765e]
V  [jvm.dll+0x85904e]
V  [jvm.dll+0x859703]
V  [jvm.dll+0x28298f]
V  [jvm.dll+0xc9adf]
V  [jvm.dll+0xc9e65]
V  [jvm.dll+0x2f7caf]
V  [jvm.dll+0x5f076b]
V  [jvm.dll+0x25590c]
V  [jvm.dll+0x24e1a7]
V  [jvm.dll+0x24b673]
V  [jvm.dll+0x1d6ce1]
V  [jvm.dll+0x25b25a]
V  [jvm.dll+0x2596e8]
V  [jvm.dll+0x807588]
V  [jvm.dll+0x80125a]
V  [jvm.dll+0x6ecf0b]
C  [ucrtbase.dll+0x29363]
C  [KERNEL32.DLL+0x126ad]
C  [ntdll.dll+0x5aa68]


---------------  P R O C E S S  ---------------

Threads class SMR info:
_java_thread_list=0x000001fcbf4e4d80, length=18, elements={
0x000001fc9f3e5be0, 0x000001fcba5b7330, 0x000001fcba5b7e60, 0x000001fcba5b8cf0,
0x000001fcba5bb630, 0x000001fcba5bbf60, 0x000001fcba5bc890, 0x000001fcba5c7340,
0x000001fcba5f9150, 0x000001fcba6571b0, 0x000001fc9f491f90, 0x000001fcbe9fca50,
0x000001fcbea7e010, 0x000001fcbea81010, 0x000001fcbea86020, 0x000001fcbeb00920,
0x000001fcbe89b4e0, 0x000001fcbf62ba70
}

Java Threads: ( => current thread )
  0x000001fc9f3e5be0 JavaThread "main" [_thread_blocked, id=31028, stack(0x000000b1c7600000,0x000000b1c7700000)]
  0x000001fcba5b7330 JavaThread "Reference Handler" daemon [_thread_blocked, id=26460, stack(0x000000b1c7d00000,0x000000b1c7e00000)]
  0x000001fcba5b7e60 JavaThread "Finalizer" daemon [_thread_blocked, id=33888, stack(0x000000b1c7e00000,0x000000b1c7f00000)]
  0x000001fcba5b8cf0 JavaThread "Signal Dispatcher" daemon [_thread_blocked, id=34740, stack(0x000000b1c7f00000,0x000000b1c8000000)]
  0x000001fcba5bb630 JavaThread "Attach Listener" daemon [_thread_blocked, id=34644, stack(0x000000b1c8000000,0x000000b1c8100000)]
  0x000001fcba5bbf60 JavaThread "Service Thread" daemon [_thread_blocked, id=32548, stack(0x000000b1c8100000,0x000000b1c8200000)]
  0x000001fcba5bc890 JavaThread "Monitor Deflation Thread" daemon [_thread_blocked, id=34716, stack(0x000000b1c8200000,0x000000b1c8300000)]
=>0x000001fcba5c7340 JavaThread "C2 CompilerThread0" daemon [_thread_in_native, id=32820, stack(0x000000b1c8300000,0x000000b1c8400000)]
  0x000001fcba5f9150 JavaThread "C1 CompilerThread0" daemon [_thread_blocked, id=34648, stack(0x000000b1c8400000,0x000000b1c8500000)]
  0x000001fcba6571b0 JavaThread "Sweeper thread" daemon [_thread_blocked, id=20164, stack(0x000000b1c8500000,0x000000b1c8600000)]
  0x000001fc9f491f90 JavaThread "Common-Cleaner" daemon [_thread_blocked, id=28796, stack(0x000000b1c8600000,0x000000b1c8700000)]
  0x000001fcbe9fca50 JavaThread "Notification Thread" daemon [_thread_blocked, id=34344, stack(0x000000b1c8700000,0x000000b1c8800000)]
  0x000001fcbea7e010 JavaThread "Java2D Disposer" daemon [_thread_blocked, id=34392, stack(0x000000b1c8900000,0x000000b1c8a00000)]
  0x000001fcbea81010 JavaThread "AWT-Shutdown" [_thread_blocked, id=7620, stack(0x000000b1c8a00000,0x000000b1c8b00000)]
  0x000001fcbea86020 JavaThread "AWT-Windows" daemon [_thread_in_native, id=18528, stack(0x000000b1c8b00000,0x000000b1c8c00000)]
  0x000001fcbeb00920 JavaThread "Image Fetcher 0" daemon [_thread_in_vm, id=34660, stack(0x000000b1c8c00000,0x000000b1c8d00000)] _threads_hazard_ptr=0x000001fcbf4e4d80
  0x000001fcbe89b4e0 JavaThread "AWT-EventQueue-0" [_thread_blocked, id=34116, stack(0x000000b1c8e00000,0x000000b1c8f00000)]
  0x000001fcbf62ba70 JavaThread "Image Fetcher 1" daemon [_thread_blocked, id=32724, stack(0x000000b1c8f00000,0x000000b1c9000000)]

Other Threads:
  0x000001fc9f4a0c90 VMThread "VM Thread" [stack: 0x000000b1c7c00000,0x000000b1c7d00000] [id=34584]
  0x000001fc9f3e68d0 WatcherThread "VM Periodic Task Thread" [stack: 0x000000b1c8800000,0x000000b1c8900000] [id=30580]
  0x000001fc9f424dd0 WorkerThread "GC Thread#0" [stack: 0x000000b1c7700000,0x000000b1c7800000] [id=34568]
  0x000001fcbeb01890 WorkerThread "GC Thread#1" [stack: 0x000000b1c8d00000,0x000000b1c8e00000] [id=29492]
  0x000001fc9f42d230 ConcurrentGCThread "G1 Main Marker" [stack: 0x000000b1c7800000,0x000000b1c7900000] [id=32412]
  0x000001fc9f42e700 WorkerThread "G1 Conc#0" [stack: 0x000000b1c7900000,0x000000b1c7a00000] [id=34380]
  0x000001fc9f479b00 ConcurrentGCThread "G1 Refine#0" [stack: 0x000000b1c7a00000,0x000000b1c7b00000] [id=33520]
  0x000001fc9f47b7b0 ConcurrentGCThread "G1 Service" [stack: 0x000000b1c7b00000,0x000000b1c7c00000] [id=34632]

Threads with active compile tasks:
C2 CompilerThread0     5320  949   !   4       sun.awt.image.PNGImageDecoder::produceImage (1917 bytes)

VM state: not at safepoint (normal execution)

VM Mutex/Monitor currently owned by a thread: None

Heap address: 0x00000000c5800000, size: 936 MB, Compressed Oops mode: 32-bit

CDS archive(s) mapped at: [0x0000000800000000-0x0000000800c40000-0x0000000800c40000), size 12845056, SharedBaseAddress: 0x0000000800000000, ArchiveRelocationMode: 0.
Compressed class space mapped at: 0x0000000801000000-0x0000000841000000, reserved size: 1073741824
Narrow klass base: 0x0000000800000000, Narrow klass shift: 0, Narrow klass range: 0x100000000

GC Precious Log:
 CardTable entry size: 512
 Card Set container configuration: InlinePtr #cards 5 size 8 Array Of Cards #cards 12 size 40 Howl #buckets 4 coarsen threshold 1843 Howl Bitmap #cards 512 size 80 coarsen threshold 460 Card regions per heap region 1 cards per card region 2048
 CPUs: 2 total, 2 available
 Memory: 3737M
 Large Page Support: Disabled
 NUMA Support: Disabled
 Compressed Oops: Enabled (32-bit)
 Heap Region Size: 1M
 Heap Min Capacity: 8M
 Heap Initial Capacity: 60M
 Heap Max Capacity: 936M
 Pre-touch: Disabled
 Parallel Workers: 2
 Concurrent Workers: 1
 Concurrent Refinement Workers: 2
 Periodic GC: Disabled

Heap:
 garbage-first heap   total 61440K, used 13894K [0x00000000c5800000, 0x0000000100000000)
  region size 1024K, 6 young (6144K), 1 survivors (1024K)
 Metaspace       used 7975K, committed 8256K, reserved 1114112K
  class space    used 884K, committed 1024K, reserved 1048576K

Heap Regions: E=young(eden), S=young(survivor), O=old, HS=humongous(starts), HC=humongous(continues), CS=collection set, F=free, OA=open archive, CA=closed archive, TAMS=top-at-mark-start (previous, next)
|   0|0x00000000c5800000, 0x00000000c5900000, 0x00000000c5900000|100%|HS|  |TAMS 0x00000000c5800000, 0x00000000c5800000| Complete 
|   1|0x00000000c5900000, 0x00000000c5a00000, 0x00000000c5a00000|100%|HC|  |TAMS 0x00000000c5900000, 0x00000000c5900000| Complete 
|   2|0x00000000c5a00000, 0x00000000c5a91a00, 0x00000000c5b00000| 56%| O|  |TAMS 0x00000000c5a00000, 0x00000000c5a00000| Untracked 
|   3|0x00000000c5b00000, 0x00000000c5c00000, 0x00000000c5c00000|100%|HS|  |TAMS 0x00000000c5b00000, 0x00000000c5b00000| Complete 
|   4|0x00000000c5c00000, 0x00000000c5d00000, 0x00000000c5d00000|100%|HC|  |TAMS 0x00000000c5c00000, 0x00000000c5c00000| Complete 
|   5|0x00000000c5d00000, 0x00000000c5e00000, 0x00000000c5e00000|100%|HC|  |TAMS 0x00000000c5d00000, 0x00000000c5d00000| Complete 
|   6|0x00000000c5e00000, 0x00000000c5f00000, 0x00000000c5f00000|100%|HC|  |TAMS 0x00000000c5e00000, 0x00000000c5e00000| Complete 
|   7|0x00000000c5f00000, 0x00000000c6000000, 0x00000000c6000000|100%|HS|  |TAMS 0x00000000c5f00000, 0x00000000c5f00000| Complete 
|   8|0x00000000c6000000, 0x00000000c6100000, 0x00000000c6100000|100%|HC|  |TAMS 0x00000000c6000000, 0x00000000c6000000| Complete 
|   9|0x00000000c6100000, 0x00000000c6100000, 0x00000000c6200000|  0%| F|  |TAMS 0x00000000c6100000, 0x00000000c6100000| Untracked 
|  10|0x00000000c6200000, 0x00000000c6200000, 0x00000000c6300000|  0%| F|  |TAMS 0x00000000c6200000, 0x00000000c6200000| Untracked 
|  11|0x00000000c6300000, 0x00000000c6300000, 0x00000000c6400000|  0%| F|  |TAMS 0x00000000c6300000, 0x00000000c6300000| Untracked 
|  12|0x00000000c6400000, 0x00000000c6400000, 0x00000000c6500000|  0%| F|  |TAMS 0x00000000c6400000, 0x00000000c6400000| Untracked 
|  13|0x00000000c6500000, 0x00000000c6500000, 0x00000000c6600000|  0%| F|  |TAMS 0x00000000c6500000, 0x00000000c6500000| Untracked 
|  14|0x00000000c6600000, 0x00000000c6600000, 0x00000000c6700000|  0%| F|  |TAMS 0x00000000c6600000, 0x00000000c6600000| Untracked 
|  15|0x00000000c6700000, 0x00000000c6700000, 0x00000000c6800000|  0%| F|  |TAMS 0x00000000c6700000, 0x00000000c6700000| Untracked 
|  16|0x00000000c6800000, 0x00000000c6800000, 0x00000000c6900000|  0%| F|  |TAMS 0x00000000c6800000, 0x00000000c6800000| Untracked 
|  17|0x00000000c6900000, 0x00000000c6900000, 0x00000000c6a00000|  0%| F|  |TAMS 0x00000000c6900000, 0x00000000c6900000| Untracked 
|  18|0x00000000c6a00000, 0x00000000c6a00000, 0x00000000c6b00000|  0%| F|  |TAMS 0x00000000c6a00000, 0x00000000c6a00000| Untracked 
|  19|0x00000000c6b00000, 0x00000000c6b00000, 0x00000000c6c00000|  0%| F|  |TAMS 0x00000000c6b00000, 0x00000000c6b00000| Untracked 
|  20|0x00000000c6c00000, 0x00000000c6c00000, 0x00000000c6d00000|  0%| F|  |TAMS 0x00000000c6c00000, 0x00000000c6c00000| Untracked 
|  21|0x00000000c6d00000, 0x00000000c6d00000, 0x00000000c6e00000|  0%| F|  |TAMS 0x00000000c6d00000, 0x00000000c6d00000| Untracked 
|  22|0x00000000c6e00000, 0x00000000c6e00000, 0x00000000c6f00000|  0%| F|  |TAMS 0x00000000c6e00000, 0x00000000c6e00000| Untracked 
|  23|0x00000000c6f00000, 0x00000000c6f00000, 0x00000000c7000000|  0%| F|  |TAMS 0x00000000c6f00000, 0x00000000c6f00000| Untracked 
|  24|0x00000000c7000000, 0x00000000c7000000, 0x00000000c7100000|  0%| F|  |TAMS 0x00000000c7000000, 0x00000000c7000000| Untracked 
|  25|0x00000000c7100000, 0x00000000c7100000, 0x00000000c7200000|  0%| F|  |TAMS 0x00000000c7100000, 0x00000000c7100000| Untracked 
|  26|0x00000000c7200000, 0x00000000c7200000, 0x00000000c7300000|  0%| F|  |TAMS 0x00000000c7200000, 0x00000000c7200000| Untracked 
|  27|0x00000000c7300000, 0x00000000c7300000, 0x00000000c7400000|  0%| F|  |TAMS 0x00000000c7300000, 0x00000000c7300000| Untracked 
|  28|0x00000000c7400000, 0x00000000c7400000, 0x00000000c7500000|  0%| F|  |TAMS 0x00000000c7400000, 0x00000000c7400000| Untracked 
|  29|0x00000000c7500000, 0x00000000c7500000, 0x00000000c7600000|  0%| F|  |TAMS 0x00000000c7500000, 0x00000000c7500000| Untracked 
|  30|0x00000000c7600000, 0x00000000c7600000, 0x00000000c7700000|  0%| F|  |TAMS 0x00000000c7600000, 0x00000000c7600000| Untracked 
|  31|0x00000000c7700000, 0x00000000c7700000, 0x00000000c7800000|  0%| F|  |TAMS 0x00000000c7700000, 0x00000000c7700000| Untracked 
|  32|0x00000000c7800000, 0x00000000c7800000, 0x00000000c7900000|  0%| F|  |TAMS 0x00000000c7800000, 0x00000000c7800000| Untracked 
|  33|0x00000000c7900000, 0x00000000c7900000, 0x00000000c7a00000|  0%| F|  |TAMS 0x00000000c7900000, 0x00000000c7900000| Untracked 
|  34|0x00000000c7a00000, 0x00000000c7a00000, 0x00000000c7b00000|  0%| F|  |TAMS 0x00000000c7a00000, 0x00000000c7a00000| Untracked 
|  35|0x00000000c7b00000, 0x00000000c7b00000, 0x00000000c7c00000|  0%| F|  |TAMS 0x00000000c7b00000, 0x00000000c7b00000| Untracked 
|  36|0x00000000c7c00000, 0x00000000c7c00000, 0x00000000c7d00000|  0%| F|  |TAMS 0x00000000c7c00000, 0x00000000c7c00000| Untracked 
|  37|0x00000000c7d00000, 0x00000000c7d00000, 0x00000000c7e00000|  0%| F|  |TAMS 0x00000000c7d00000, 0x00000000c7d00000| Untracked 
|  38|0x00000000c7e00000, 0x00000000c7e00000, 0x00000000c7f00000|  0%| F|  |TAMS 0x00000000c7e00000, 0x00000000c7e00000| Untracked 
|  39|0x00000000c7f00000, 0x00000000c7f00000, 0x00000000c8000000|  0%| F|  |TAMS 0x00000000c7f00000, 0x00000000c7f00000| Untracked 
|  40|0x00000000c8000000, 0x00000000c8000000, 0x00000000c8100000|  0%| F|  |TAMS 0x00000000c8000000, 0x00000000c8000000| Untracked 
|  41|0x00000000c8100000, 0x00000000c8100000, 0x00000000c8200000|  0%| F|  |TAMS 0x00000000c8100000, 0x00000000c8100000| Untracked 
|  42|0x00000000c8200000, 0x00000000c8200000, 0x00000000c8300000|  0%| F|  |TAMS 0x00000000c8200000, 0x00000000c8200000| Untracked 
|  43|0x00000000c8300000, 0x00000000c8300000, 0x00000000c8400000|  0%| F|  |TAMS 0x00000000c8300000, 0x00000000c8300000| Untracked 
|  44|0x00000000c8400000, 0x00000000c8400000, 0x00000000c8500000|  0%| F|  |TAMS 0x00000000c8400000, 0x00000000c8400000| Untracked 
|  45|0x00000000c8500000, 0x00000000c8500000, 0x00000000c8600000|  0%| F|  |TAMS 0x00000000c8500000, 0x00000000c8500000| Untracked 
|  46|0x00000000c8600000, 0x00000000c8600000, 0x00000000c8700000|  0%| F|  |TAMS 0x00000000c8600000, 0x00000000c8600000| Untracked 
|  47|0x00000000c8700000, 0x00000000c8700000, 0x00000000c8800000|  0%| F|  |TAMS 0x00000000c8700000, 0x00000000c8700000| Untracked 
|  48|0x00000000c8800000, 0x00000000c8800000, 0x00000000c8900000|  0%| F|  |TAMS 0x00000000c8800000, 0x00000000c8800000| Untracked 
|  49|0x00000000c8900000, 0x00000000c8900000, 0x00000000c8a00000|  0%| F|  |TAMS 0x00000000c8900000, 0x00000000c8900000| Untracked 
|  50|0x00000000c8a00000, 0x00000000c8a00000, 0x00000000c8b00000|  0%| F|  |TAMS 0x00000000c8a00000, 0x00000000c8a00000| Untracked 
|  51|0x00000000c8b00000, 0x00000000c8b00000, 0x00000000c8c00000|  0%| F|  |TAMS 0x00000000c8b00000, 0x00000000c8b00000| Untracked 
|  52|0x00000000c8c00000, 0x00000000c8c00000, 0x00000000c8d00000|  0%| F|  |TAMS 0x00000000c8c00000, 0x00000000c8c00000| Untracked 
|  53|0x00000000c8d00000, 0x00000000c8e00000, 0x00000000c8e00000|100%| S|CS|TAMS 0x00000000c8d00000, 0x00000000c8d00000| Complete 
|  54|0x00000000c8e00000, 0x00000000c8e00000, 0x00000000c8f00000|  0%| F|  |TAMS 0x00000000c8e00000, 0x00000000c8e00000| Untracked 
|  55|0x00000000c8f00000, 0x00000000c8f92078, 0x00000000c9000000| 57%| E|  |TAMS 0x00000000c8f00000, 0x00000000c8f00000| Complete 
|  56|0x00000000c9000000, 0x00000000c9100000, 0x00000000c9100000|100%| E|CS|TAMS 0x00000000c9000000, 0x00000000c9000000| Complete 
|  57|0x00000000c9100000, 0x00000000c9200000, 0x00000000c9200000|100%| E|CS|TAMS 0x00000000c9100000, 0x00000000c9100000| Complete 
|  58|0x00000000c9200000, 0x00000000c9300000, 0x00000000c9300000|100%| E|CS|TAMS 0x00000000c9200000, 0x00000000c9200000| Complete 
|  59|0x00000000c9300000, 0x00000000c9400000, 0x00000000c9400000|100%| E|CS|TAMS 0x00000000c9300000, 0x00000000c9300000| Complete 

Card table byte_map: [0x000001fc9f190000,0x000001fc9f370000] _byte_map_base: 0x000001fc9eb64000

Marking Bits (Prev, Next): (CMBitMap*) 0x000001fc9f425400, (CMBitMap*) 0x000001fc9f425440
 Prev Bits: [0x000001fcb6530000, 0x000001fcb73d0000)
 Next Bits: [0x000001fcb73d0000, 0x000001fcb8270000)

Polling page: 0x000001fc9d330000

Metaspace:

Usage:
  Non-class:      6.92 MB used.
      Class:    884.79 KB used.
       Both:      7.79 MB used.

Virtual space:
  Non-class space:       64.00 MB reserved,       7.06 MB ( 11%) committed,  1 nodes.
      Class space:        1.00 GB reserved,       1.00 MB ( <1%) committed,  1 nodes.
             Both:        1.06 GB reserved,       8.06 MB ( <1%) committed. 

Chunk freelists:
   Non-Class:  1020.00 KB
       Class:  3.04 MB
        Both:  4.04 MB

MaxMetaspaceSize: unlimited
CompressedClassSpaceSize: 1.00 GB
Initial GC threshold: 21.00 MB
Current GC threshold: 21.00 MB
CDS: on
MetaspaceReclaimPolicy: balanced
 - commit_granule_bytes: 65536.
 - commit_granule_words: 8192.
 - virtual_space_node_default_size: 8388608.
 - enlarge_chunks_in_place: 1.
 - new_chunks_are_fully_committed: 0.
 - uncommit_free_chunks: 1.
 - use_allocation_guard: 0.


Internal statistics:

num_allocs_failed_limit: 0.
num_arena_births: 158.
num_arena_deaths: 0.
num_vsnodes_births: 2.
num_vsnodes_deaths: 0.
num_space_committed: 129.
num_space_uncommitted: 0.
num_chunks_returned_to_freelist: 0.
num_chunks_taken_from_freelist: 177.
num_chunk_merges: 0.
num_chunk_splits: 119.
num_chunks_enlarged: 76.
num_inconsistent_stats: 0.

CodeHeap 'non-profiled nmethods': size=120064Kb used=325Kb max_used=325Kb free=119738Kb
 bounds [0x000001fcaee10000, 0x000001fcaf080000, 0x000001fcb6350000]
CodeHeap 'profiled nmethods': size=120000Kb used=1798Kb max_used=1798Kb free=118201Kb
 bounds [0x000001fca7350000, 0x000001fca75c0000, 0x000001fcae880000]
CodeHeap 'non-nmethods': size=5696Kb used=1358Kb max_used=1377Kb free=4337Kb
 bounds [0x000001fcae880000, 0x000001fcaeaf0000, 0x000001fcaee10000]
 total_blobs=1651 nmethods=1048 adapters=515
 compilation: enabled
              stopped_count=0, restarted_count=0
 full_count=0

Compilation events (20 events):
Event: 5.248 Thread 0x000001fcba5f9150 1028       3       sun.util.locale.InternalLocaleBuilder::clear (31 bytes)
Event: 5.248 Thread 0x000001fcba5f9150 nmethod 1028 0x000001fca74f9990 code [0x000001fca74f9b60, 0x000001fca74f9e68]
Event: 5.248 Thread 0x000001fcba5f9150 1029       3       sun.util.locale.LanguageTag::getExtlangs (24 bytes)
Event: 5.249 Thread 0x000001fcba5f9150 nmethod 1029 0x000001fca74f9f10 code [0x000001fca74fa0e0, 0x000001fca74fa3b8]
Event: 5.249 Thread 0x000001fcba5f9150 1030       3       sun.util.locale.InternalLocaleBuilder::setExtensions (202 bytes)
Event: 5.252 Thread 0x000001fcba5f9150 nmethod 1030 0x000001fca74fa490 code [0x000001fca74fa9e0, 0x000001fca74fd808]
Event: 5.252 Thread 0x000001fcba5f9150 1031       3       sun.util.locale.LocaleUtils::isEmpty (19 bytes)
Event: 5.252 Thread 0x000001fcba5f9150 nmethod 1031 0x000001fca74fe790 code [0x000001fca74fe940, 0x000001fca74feb88]
Event: 5.253 Thread 0x000001fcba5f9150 1032       3       sun.util.locale.LocaleUtils::toTitleString (139 bytes)
Event: 5.255 Thread 0x000001fcba5f9150 nmethod 1032 0x000001fca74fec90 code [0x000001fca74ff000, 0x000001fca75009c8]
Event: 5.255 Thread 0x000001fcba5f9150 1033       3       sun.util.locale.provider.LocaleProviderAdapter$$Lambda$65/0x80000006b::apply (8 bytes)
Event: 5.255 Thread 0x000001fcba5f9150 nmethod 1033 0x000001fca7501290 code [0x000001fca7501440, 0x000001fca7501668]
Event: 5.256 Thread 0x000001fcba5f9150 1034       3       java.util.stream.Nodes$FixedNodeBuilder::accept (61 bytes)
Event: 5.256 Thread 0x000001fcba5f9150 nmethod 1034 0x000001fca7501710 code [0x000001fca7501960, 0x000001fca7502338]
Event: 5.256 Thread 0x000001fcba5f9150 1035       3       sun.util.locale.LocaleObjectCache::normalizeKey (2 bytes)
Event: 5.256 Thread 0x000001fcba5f9150 nmethod 1035 0x000001fca7502690 code [0x000001fca7502820, 0x000001fca7502938]
Event: 5.256 Thread 0x000001fcba5f9150 1036       3       sun.util.locale.BaseLocale$Cache::normalizeKey (9 bytes)
Event: 5.256 Thread 0x000001fcba5f9150 nmethod 1036 0x000001fca7502a10 code [0x000001fca7502bc0, 0x000001fca7502e68]
Event: 5.257 Thread 0x000001fcba5f9150 1037       3       sun.util.locale.BaseLocale$Cache::createObject (9 bytes)
Event: 5.257 Thread 0x000001fcba5f9150 nmethod 1037 0x000001fca7502f90 code [0x000001fca7503180, 0x000001fca75036b8]

GC Heap History (2 events):
Event: 1.071 GC heap before
{Heap before GC invocations=0 (full 0):
 garbage-first heap   total 61440K, used 7168K [0x00000000c5800000, 0x0000000100000000)
  region size 1024K, 6 young (6144K), 0 survivors (0K)
 Metaspace       used 4692K, committed 4928K, reserved 1114112K
  class space    used 508K, committed 640K, reserved 1048576K
}
Event: 1.081 GC heap after
{Heap after GC invocations=1 (full 0):
 garbage-first heap   total 61440K, used 3654K [0x00000000c5800000, 0x0000000100000000)
  region size 1024K, 1 young (1024K), 1 survivors (1024K)
 Metaspace       used 4692K, committed 4928K, reserved 1114112K
  class space    used 508K, committed 640K, reserved 1048576K
}

Dll operation events (9 events):
Event: 0.029 Loaded shared library C:\Program Files\Java\jdk-19\bin\java.dll
Event: 0.053 Loaded shared library C:\Program Files\Java\jdk-19\bin\jsvml.dll
Event: 0.166 Loaded shared library C:\Program Files\Java\jdk-19\bin\net.dll
Event: 0.181 Loaded shared library C:\Program Files\Java\jdk-19\bin\nio.dll
Event: 0.206 Loaded shared library C:\Program Files\Java\jdk-19\bin\zip.dll
Event: 0.755 Loaded shared library C:\Program Files\Java\jdk-19\bin\jimage.dll
Event: 0.782 Loaded shared library C:\Program Files\Java\jdk-19\bin\awt.dll
Event: 1.560 Loaded shared library C:\Program Files\Java\jdk-19\bin\freetype.dll
Event: 1.566 Loaded shared library C:\Program Files\Java\jdk-19\bin\fontmanager.dll

Deoptimization events (20 events):
Event: 1.252 Thread 0x000001fcbeb00920 DEOPT PACKING pc=0x000001fca744fc18 sp=0x000000b1c8cfecc0
Event: 1.284 Thread 0x000001fcbeb00920 DEOPT UNPACKING pc=0x000001fcae8e7524 sp=0x000000b1c8cfe2f0 mode 0
Event: 1.418 Thread 0x000001fcbeb00920 Uncommon trap: trap_request=0xffffff45 fr.pc=0x000001fcaee4bf58 relative=0x0000000000000e38
Event: 1.418 Thread 0x000001fcbeb00920 Uncommon trap: reason=unstable_if action=reinterpret pc=0x000001fcaee4bf58 method=sun.awt.image.PNGImageDecoder.produceImage()V @ 867 c2
Event: 1.418 Thread 0x000001fcbeb00920 DEOPT PACKING pc=0x000001fcaee4bf58 sp=0x000000b1c8cfeea0
Event: 1.418 Thread 0x000001fcbeb00920 DEOPT UNPACKING pc=0x000001fcae8e6d9d sp=0x000000b1c8cfedf0 mode 2
Event: 1.597 Thread 0x000001fc9f3e5be0 Uncommon trap: trap_request=0xffffff45 fr.pc=0x000001fcaee26dfc relative=0x000000000000005c
Event: 1.597 Thread 0x000001fc9f3e5be0 Uncommon trap: reason=unstable_if action=reinterpret pc=0x000001fcaee26dfc method=java.lang.String.isLatin1()Z @ 10 c2
Event: 1.597 Thread 0x000001fc9f3e5be0 DEOPT PACKING pc=0x000001fcaee26dfc sp=0x000000b1c76fde50
Event: 1.597 Thread 0x000001fc9f3e5be0 DEOPT UNPACKING pc=0x000001fcae8e6d9d sp=0x000000b1c76fdde0 mode 2
Event: 4.953 Thread 0x000001fc9f3e5be0 Uncommon trap: trap_request=0xffffff45 fr.pc=0x000001fcaee50448 relative=0x0000000000000048
Event: 4.953 Thread 0x000001fc9f3e5be0 Uncommon trap: reason=unstable_if action=reinterpret pc=0x000001fcaee50448 method=java.lang.Integer.compare(II)I @ 11 c2
Event: 4.953 Thread 0x000001fc9f3e5be0 DEOPT PACKING pc=0x000001fcaee50448 sp=0x000000b1c76fed20
Event: 4.953 Thread 0x000001fc9f3e5be0 DEOPT UNPACKING pc=0x000001fcae8e6d9d sp=0x000000b1c76fecb8 mode 2
Event: 5.039 Thread 0x000001fcbeb00920 Uncommon trap: trap_request=0xffffff45 fr.pc=0x000001fcaee4e6bc relative=0x0000000000000a9c
Event: 5.039 Thread 0x000001fcbeb00920 Uncommon trap: reason=unstable_if action=reinterpret pc=0x000001fcaee4e6bc method=sun.awt.image.PNGImageDecoder.filterRow([B[BIII)V @ 4 c2
Event: 5.039 Thread 0x000001fcbeb00920 DEOPT PACKING pc=0x000001fcaee4e6bc sp=0x000000b1c8cfed60
Event: 5.039 Thread 0x000001fcbeb00920 DEOPT UNPACKING pc=0x000001fcae8e6d9d sp=0x000000b1c8cfec98 mode 2
Event: 5.137 Thread 0x000001fcbeb00920 DEOPT PACKING pc=0x000001fca745ae9e sp=0x000000b1c8cfeda0
Event: 5.137 Thread 0x000001fcbeb00920 DEOPT UNPACKING pc=0x000001fcae8e7524 sp=0x000000b1c8cfe2f0 mode 0

Classes loaded (20 events):
Event: 5.028 Loading class javax/swing/plaf/metal/MetalIconFactory
Event: 5.028 Loading class javax/swing/plaf/metal/MetalIconFactory done
Event: 5.028 Loading class javax/swing/plaf/metal/MetalIconFactory$RadioButtonIcon
Event: 5.029 Loading class javax/swing/plaf/metal/MetalIconFactory$RadioButtonIcon done
Event: 5.029 Loading class javax/swing/plaf/basic/BasicButtonUI$KeyHandler
Event: 5.030 Loading class javax/swing/plaf/basic/BasicButtonUI$KeyHandler done
Event: 5.031 Loading class javax/swing/plaf/basic/BasicButtonUI$SelectPreviousBtn
Event: 5.031 Loading class javax/swing/plaf/basic/BasicButtonUI$SelectPreviousBtn done
Event: 5.031 Loading class javax/swing/plaf/basic/BasicButtonUI$SelectNextBtn
Event: 5.031 Loading class javax/swing/plaf/basic/BasicButtonUI$SelectNextBtn done
Event: 5.033 Loading class javax/swing/ButtonGroup
Event: 5.034 Loading class javax/swing/ButtonGroup done
Event: 5.165 Loading class sun/awt/image/PNGImageDecoder$Chromaticities
Event: 5.165 Loading class sun/awt/image/PNGImageDecoder$Chromaticities done
Event: 5.181 Loading class sun/util/calendar/ZoneInfoFile$Checksum
Event: 5.184 Loading class sun/util/calendar/ZoneInfoFile$Checksum done
Event: 5.195 Loading class jdk/internal/module/ModulePatcher$PatchedModuleReader
Event: 5.196 Loading class jdk/internal/module/ModulePatcher$PatchedModuleReader done
Event: 5.196 Loading class sun/net/www/protocol/jrt/Handler
Event: 5.197 Loading class sun/net/www/protocol/jrt/Handler done

Classes unloaded (0 events):
No events

Classes redefined (0 events):
No events

Internal exceptions (17 events):
Event: 0.682 Thread 0x000001fc9f3e5be0 Exception <a 'java/lang/NoSuchMethodError'{0x00000000c912c3b8}: 'void java.lang.invoke.DirectMethodHandle$Holder.invokeSpecial(java.lang.Object, java.lang.Object, java.lang.Object)'> (0x00000000c912c3b8) 
thrown [s\open\src\hotspot\share\interpreter\linkResolver.cpp, line 774]
Event: 0.697 Thread 0x000001fc9f3e5be0 Exception <a 'java/lang/NoSuchMethodError'{0x00000000c913fa50}: 'void java.lang.invoke.DirectMethodHandle$Holder.invokeSpecial(java.lang.Object, java.lang.Object, java.lang.Object, java.lang.Object, java.lang.Object)'> (0x00000000c913fa50) 
thrown [s\open\src\hotspot\share\interpreter\linkResolver.cpp, line 774]
Event: 0.705 Thread 0x000001fc9f3e5be0 Exception <a 'java/lang/NoSuchMethodError'{0x00000000c914f3f0}: 'java.lang.Object java.lang.invoke.DirectMethodHandle$Holder.invokeInterface(java.lang.Object, java.lang.Object)'> (0x00000000c914f3f0) 
thrown [s\open\src\hotspot\share\interpreter\linkResolver.cpp, line 774]
Event: 0.706 Thread 0x000001fc9f3e5be0 Exception <a 'java/lang/IncompatibleClassChangeError'{0x00000000c9152940}: Found class java.lang.Object, but interface was expected> (0x00000000c9152940) 
thrown [s\open\src\hotspot\share\interpreter\linkResolver.cpp, line 841]
Event: 0.706 Thread 0x000001fc9f3e5be0 Exception <a 'java/lang/NoSuchMethodError'{0x00000000c9155798}: 'void java.lang.invoke.DirectMethodHandle$Holder.invokeStatic(java.lang.Object, java.lang.Object, java.lang.Object, java.lang.Object)'> (0x00000000c9155798) 
thrown [s\open\src\hotspot\share\interpreter\linkResolver.cpp, line 774]
Event: 0.768 Thread 0x000001fc9f3e5be0 Exception <a 'java/lang/ClassNotFoundException'{0x00000000c91fc9e8}: sun/awt/resources/spi/awtProvider> (0x00000000c91fc9e8) 
thrown [s\open\src\hotspot\share\classfile\systemDictionary.cpp, line 255]
Event: 0.805 Thread 0x000001fc9f3e5be0 Exception <a 'java/io/FileNotFoundException'{0x00000000c906cee8}> (0x00000000c906cee8) 
thrown [s\open\src\hotspot\share\prims\jni.cpp, line 517]
Event: 0.819 Thread 0x000001fc9f3e5be0 Exception <a 'java/io/FileNotFoundException'{0x00000000c9099a70}> (0x00000000c9099a70) 
thrown [s\open\src\hotspot\share\prims\jni.cpp, line 517]
Event: 0.890 Thread 0x000001fc9f3e5be0 Exception <a 'java/lang/NoSuchMethodError'{0x00000000c90e2728}: 'java.lang.Object java.lang.invoke.DirectMethodHandle$Holder.invokeStaticInit(java.lang.Object)'> (0x00000000c90e2728) 
thrown [s\open\src\hotspot\share\interpreter\linkResolver.cpp, line 774]
Event: 0.955 Thread 0x000001fc9f3e5be0 Exception <a 'java/lang/NoSuchMethodError'{0x00000000c8f8b230}: 'java.lang.Object java.lang.invoke.DirectMethodHandle$Holder.newInvokeSpecial(java.lang.Object, java.lang.Object, java.lang.Object, java.lang.Object, java.lang.Object)'> (0x00000000c8f8b230) 
thrown [s\open\src\hotspot\share\interpreter\linkResolver.cpp, line 774]
Event: 0.964 Thread 0x000001fc9f3e5be0 Exception <a 'java/lang/NoSuchMethodError'{0x00000000c8fbd210}: 'java.lang.Object java.lang.invoke.DirectMethodHandle$Holder.invokeStatic(java.lang.Object, int, java.lang.Object)'> (0x00000000c8fbd210) 
thrown [s\open\src\hotspot\share\interpreter\linkResolver.cpp, line 774]
Event: 1.005 Thread 0x000001fc9f3e5be0 Exception <a 'java/lang/ClassNotFoundException'{0x00000000c8e79370}: com/sun/swing/internal/plaf/metal/resources/spi/metalProvider> (0x00000000c8e79370) 
thrown [s\open\src\hotspot\share\classfile\systemDictionary.cpp, line 255]
Event: 1.007 Thread 0x000001fc9f3e5be0 Exception <a 'java/lang/ClassNotFoundException'{0x00000000c8e7d5a8}: com/sun/swing/internal/plaf/basic/resources/spi/basicProvider> (0x00000000c8e7d5a8) 
thrown [s\open\src\hotspot\share\classfile\systemDictionary.cpp, line 255]
Event: 1.023 Thread 0x000001fc9f3e5be0 Exception <a 'java/lang/NoSuchMethodError'{0x00000000c8e9d338}: 'int java.lang.invoke.Invokers$Holder.invokeExact_MT(java.lang.Object, java.lang.Object)'> (0x00000000c8e9d338) 
thrown [s\open\src\hotspot\share\interpreter\linkResolver.cpp, line 774]
Event: 1.050 Thread 0x000001fcbeb00920 Exception <a 'java/lang/NoSuchMethodError'{0x00000000c8eca2f0}: 'java.lang.Object java.lang.invoke.DirectMethodHandle$Holder.newInvokeSpecial(java.lang.Object, java.lang.Object, java.lang.Object, int, int, int, int, int)'> (0x00000000c8eca2f0) 
thrown [s\open\src\hotspot\share\interpreter\linkResolver.cpp, line 774]
Event: 1.545 Thread 0x000001fc9f3e5be0 Exception <a 'java/lang/NoSuchMethodError'{0x00000000c9299d18}: 'void java.lang.invoke.DirectMethodHandle$Holder.invokeStaticInit(java.lang.Object)'> (0x00000000c9299d18) 
thrown [s\open\src\hotspot\share\interpreter\linkResolver.cpp, line 774]
Event: 1.733 Thread 0x000001fcbea86020 Exception <a 'java/lang/NoSuchMethodError'{0x00000000c9285168}: 'void java.lang.invoke.DirectMethodHandle$Holder.invokeVirtual(java.lang.Object, java.lang.Object)'> (0x00000000c9285168) 
thrown [s\open\src\hotspot\share\interpreter\linkResolver.cpp, line 774]

VM Operations (18 events):
Event: 0.208 Executing VM operation: HandshakeAllThreads
Event: 0.209 Executing VM operation: HandshakeAllThreads done
Event: 0.701 Executing VM operation: HandshakeAllThreads
Event: 0.701 Executing VM operation: HandshakeAllThreads done
Event: 0.832 Executing VM operation: HandshakeAllThreads
Event: 0.832 Executing VM operation: HandshakeAllThreads done
Event: 1.071 Executing VM operation: G1CollectForAllocation
Event: 1.081 Executing VM operation: G1CollectForAllocation done
Event: 1.483 Executing VM operation: HandshakeAllThreads
Event: 1.491 Executing VM operation: HandshakeAllThreads done
Event: 2.494 Executing VM operation: Cleanup
Event: 2.494 Executing VM operation: Cleanup done
Event: 3.496 Executing VM operation: Cleanup
Event: 3.497 Executing VM operation: Cleanup done
Event: 5.205 Executing VM operation: HandshakeAllThreads
Event: 5.205 Executing VM operation: HandshakeAllThreads done
Event: 5.205 Executing VM operation: Cleanup
Event: 5.205 Executing VM operation: Cleanup done

Events (18 events):
Event: 0.054 Thread 0x000001fc9f3e5be0 Thread added: 0x000001fc9f3e5be0
Event: 0.084 Thread 0x000001fcba5b7330 Thread added: 0x000001fcba5b7330
Event: 0.084 Thread 0x000001fcba5b7e60 Thread added: 0x000001fcba5b7e60
Event: 0.085 Thread 0x000001fcba5b8cf0 Thread added: 0x000001fcba5b8cf0
Event: 0.085 Thread 0x000001fcba5bb630 Thread added: 0x000001fcba5bb630
Event: 0.085 Thread 0x000001fcba5bbf60 Thread added: 0x000001fcba5bbf60
Event: 0.086 Thread 0x000001fcba5bc890 Thread added: 0x000001fcba5bc890
Event: 0.086 Thread 0x000001fcba5c7340 Thread added: 0x000001fcba5c7340
Event: 0.087 Thread 0x000001fcba5f9150 Thread added: 0x000001fcba5f9150
Event: 0.089 Thread 0x000001fcba6571b0 Thread added: 0x000001fcba6571b0
Event: 0.138 Thread 0x000001fc9f491f90 Thread added: 0x000001fc9f491f90
Event: 0.735 Thread 0x000001fcbe9fca50 Thread added: 0x000001fcbe9fca50
Event: 0.892 Thread 0x000001fcbea7e010 Thread added: 0x000001fcbea7e010
Event: 0.894 Thread 0x000001fcbea81010 Thread added: 0x000001fcbea81010
Event: 0.895 Thread 0x000001fcbea86020 Thread added: 0x000001fcbea86020
Event: 1.042 Thread 0x000001fcbeb00920 Thread added: 0x000001fcbeb00920
Event: 1.469 Thread 0x000001fcbe89b4e0 Thread added: 0x000001fcbe89b4e0
Event: 5.154 Thread 0x000001fcbf62ba70 Thread added: 0x000001fcbf62ba70


Dynamic libraries:
0x00007ff696410000 - 0x00007ff696420000 	C:\Program Files\Java\jdk-19\bin\javaw.exe
0x00007ffb95750000 - 0x00007ffb95964000 	C:\WINDOWS\SYSTEM32\ntdll.dll
0x00007ffb95240000 - 0x00007ffb95304000 	C:\WINDOWS\System32\KERNEL32.DLL
0x00007ffb92d70000 - 0x00007ffb93114000 	C:\WINDOWS\System32\KERNELBASE.dll
0x00007ffb92c50000 - 0x00007ffb92d61000 	C:\WINDOWS\System32\ucrtbase.dll
0x00007ffb89880000 - 0x00007ffb89898000 	C:\Program Files\Java\jdk-19\bin\jli.dll
0x00007ffb93a00000 - 0x00007ffb93ab0000 	C:\WINDOWS\System32\ADVAPI32.dll
0x00007ffb94530000 - 0x00007ffb945d7000 	C:\WINDOWS\System32\msvcrt.dll
0x00007ffb95190000 - 0x00007ffb95236000 	C:\WINDOWS\System32\sechost.dll
0x00007ffb95310000 - 0x00007ffb95427000 	C:\WINDOWS\System32\RPCRT4.dll
0x00007ffb93ab0000 - 0x00007ffb93c5a000 	C:\WINDOWS\System32\USER32.dll
0x00007ffb93290000 - 0x00007ffb932b6000 	C:\WINDOWS\System32\win32u.dll
0x00007ffb95430000 - 0x00007ffb95459000 	C:\WINDOWS\System32\GDI32.dll
0x00007ffb932c0000 - 0x00007ffb933d9000 	C:\WINDOWS\System32\gdi32full.dll
0x00007ffb92b30000 - 0x00007ffb92bca000 	C:\WINDOWS\System32\msvcp_win.dll
0x00007ffb89860000 - 0x00007ffb8987b000 	C:\Program Files\Java\jdk-19\bin\VCRUNTIME140.dll
0x00007ffb80ac0000 - 0x00007ffb80d4f000 	C:\WINDOWS\WinSxS\amd64_microsoft.windows.common-controls_6595b64144ccf1df_6.0.22621.2070_none_2713e6537381f706\COMCTL32.dll
0x00007ffb83810000 - 0x00007ffb8381a000 	C:\WINDOWS\SYSTEM32\VERSION.dll
0x00007ffb94340000 - 0x00007ffb94371000 	C:\WINDOWS\System32\IMM32.DLL
0x00007ffb8da00000 - 0x00007ffb8da0c000 	C:\Program Files\Java\jdk-19\bin\vcruntime140_1.dll
0x00007ffb80a30000 - 0x00007ffb80abe000 	C:\Program Files\Java\jdk-19\bin\msvcp140.dll
0x00007ffb36e40000 - 0x00007ffb37b00000 	C:\Program Files\Java\jdk-19\bin\server\jvm.dll
0x00007ffb84780000 - 0x00007ffb847b4000 	C:\WINDOWS\SYSTEM32\WINMM.dll
0x00007ffb785f0000 - 0x00007ffb785f9000 	C:\WINDOWS\SYSTEM32\WSOCK32.dll
0x00007ffb938f0000 - 0x00007ffb93961000 	C:\WINDOWS\System32\WS2_32.dll
0x00007ffb91b70000 - 0x00007ffb91b88000 	C:\WINDOWS\SYSTEM32\kernel.appcore.dll
0x00007ffb785c0000 - 0x00007ffb785ca000 	C:\Program Files\Java\jdk-19\bin\jimage.dll
0x00007ffb90540000 - 0x00007ffb9076e000 	C:\WINDOWS\SYSTEM32\DBGHELP.DLL
0x00007ffb945e0000 - 0x00007ffb9496a000 	C:\WINDOWS\System32\combase.dll
0x00007ffb93c70000 - 0x00007ffb93d47000 	C:\WINDOWS\System32\OLEAUT32.dll
0x00007ffb76860000 - 0x00007ffb76892000 	C:\WINDOWS\SYSTEM32\dbgcore.DLL
0x00007ffb92bd0000 - 0x00007ffb92c4a000 	C:\WINDOWS\System32\bcryptPrimitives.dll
0x00007ffb5e240000 - 0x00007ffb5e266000 	C:\Program Files\Java\jdk-19\bin\java.dll
0x00007ffb48fa0000 - 0x00007ffb49077000 	C:\Program Files\Java\jdk-19\bin\jsvml.dll
0x00007ffb94970000 - 0x00007ffb95186000 	C:\WINDOWS\System32\SHELL32.dll
0x00007ffb90b00000 - 0x00007ffb913ea000 	C:\WINDOWS\SYSTEM32\windows.storage.dll
0x00007ffb909c0000 - 0x00007ffb90afe000 	C:\WINDOWS\SYSTEM32\wintypes.dll
0x00007ffb94380000 - 0x00007ffb94473000 	C:\WINDOWS\System32\SHCORE.dll
0x00007ffb93dc0000 - 0x00007ffb93e1e000 	C:\WINDOWS\System32\shlwapi.dll
0x00007ffb92a60000 - 0x00007ffb92a86000 	C:\WINDOWS\SYSTEM32\profapi.dll
0x00007ffb5df60000 - 0x00007ffb5df73000 	C:\Program Files\Java\jdk-19\bin\net.dll
0x00007ffb84050000 - 0x00007ffb84187000 	C:\WINDOWS\SYSTEM32\WINHTTP.dll
0x00007ffb91ff0000 - 0x00007ffb92059000 	C:\WINDOWS\system32\mswsock.dll
0x00007ffb5ddc0000 - 0x00007ffb5ddd6000 	C:\Program Files\Java\jdk-19\bin\nio.dll
0x00007ffb5dac0000 - 0x00007ffb5dad8000 	C:\Program Files\Java\jdk-19\bin\zip.dll
0x00007ffb5cc20000 - 0x00007ffb5cdb1000 	C:\Program Files\Java\jdk-19\bin\awt.dll
0x00007ffb8f890000 - 0x00007ffb8f927000 	C:\WINDOWS\SYSTEM32\apphelp.dll
0x00007ffb8ffa0000 - 0x00007ffb8ffcb000 	C:\WINDOWS\system32\DWMAPI.DLL
0x00007ffb8fd50000 - 0x00007ffb8fdfb000 	C:\WINDOWS\system32\uxtheme.dll
0x00007ffb7af20000 - 0x00007ffb7b020000 	C:\WINDOWS\system32\opengl32.dll
0x00007ffb7fbc0000 - 0x00007ffb7fbed000 	C:\WINDOWS\SYSTEM32\GLU32.dll
0x00007ffb8fe50000 - 0x00007ffb8fe88000 	C:\WINDOWS\SYSTEM32\dxcore.dll
0x00007ffb95580000 - 0x00007ffb956a7000 	C:\WINDOWS\System32\MSCTF.dll
0x00007ffb936e0000 - 0x00007ffb9387c000 	C:\WINDOWS\System32\ole32.dll
0x00007ffb6d020000 - 0x00007ffb6d0a6000 	C:\Program Files\Java\jdk-19\bin\freetype.dll
0x00007ffb67a50000 - 0x00007ffb67b16000 	C:\Program Files\Java\jdk-19\bin\fontmanager.dll
0x00007ffb74fa0000 - 0x00007ffb750cd000 	C:\WINDOWS\SYSTEM32\textinputframework.dll
0x00007ffb8edf0000 - 0x00007ffb8ef23000 	C:\WINDOWS\SYSTEM32\CoreMessaging.dll
0x00007ffb8c540000 - 0x00007ffb8c8ac000 	C:\WINDOWS\SYSTEM32\CoreUIComponents.dll
0x00007ffb92260000 - 0x00007ffb9226c000 	C:\WINDOWS\SYSTEM32\CRYPTBASE.DLL

dbghelp: loaded successfully - version: 4.0.5 - missing functions: none
symbol engine: initialized successfully - sym options: 0x614 - pdb path: .;C:\Program Files\Java\jdk-19\bin;C:\WINDOWS\SYSTEM32;C:\WINDOWS\WinSxS\amd64_microsoft.windows.common-controls_6595b64144ccf1df_6.0.22621.2070_none_2713e6537381f706;C:\Program Files\Java\jdk-19\bin\server

VM Arguments:
jvm_args: -Dfile.encoding=UTF-8 --module-path=C:\Users\maria\Downloads\mysql-connector-j-8.1.0\mysql-connector-j-8.1.0\mysql-connector-j-8.1.0.jar -XX:+ShowCodeDetailsInExceptionMessages 
java_command: Teste
java_class_path (initial): C:\Users\maria\eclipse-workspace\ProjetoFinal\bin
Launcher Type: SUN_STANDARD

[Global flags]
     intx CICompilerCount                          = 2                                         {product} {ergonomic}
     uint ConcGCThreads                            = 1                                         {product} {ergonomic}
     uint G1ConcRefinementThreads                  = 2                                         {product} {ergonomic}
   size_t G1HeapRegionSize                         = 1048576                                   {product} {ergonomic}
    uintx GCDrainStackTargetSize                   = 64                                        {product} {ergonomic}
   size_t InitialHeapSize                          = 62914560                                  {product} {ergonomic}
   size_t MarkStackSize                            = 4194304                                   {product} {ergonomic}
   size_t MaxHeapSize                              = 981467136                                 {product} {ergonomic}
   size_t MaxNewSize                               = 588251136                                 {product} {ergonomic}
   size_t MinHeapDeltaBytes                        = 1048576                                   {product} {ergonomic}
   size_t MinHeapSize                              = 8388608                                   {product} {ergonomic}
    uintx NonNMethodCodeHeapSize                   = 5826188                                {pd product} {ergonomic}
    uintx NonProfiledCodeHeapSize                  = 122916026                              {pd product} {ergonomic}
    uintx ProfiledCodeHeapSize                     = 122916026                              {pd product} {ergonomic}
    uintx ReservedCodeCacheSize                    = 251658240                              {pd product} {ergonomic}
     bool SegmentedCodeCache                       = true                                      {product} {ergonomic}
     bool ShowCodeDetailsInExceptionMessages       = true                                   {manageable} {command line}
   size_t SoftMaxHeapSize                          = 981467136                              {manageable} {ergonomic}
     bool UseCompressedClassPointers               = true                           {product lp64_product} {ergonomic}
     bool UseCompressedOops                        = true                           {product lp64_product} {ergonomic}
     bool UseG1GC                                  = true                                      {product} {ergonomic}
     bool UseLargePagesIndividualAllocation        = false                                  {pd product} {ergonomic}

Logging:
Log output configuration:
 #0: stdout all=warning uptime,level,tags foldmultilines=false
 #1: stderr all=off uptime,level,tags foldmultilines=false

Environment Variables:
JAVA_HOME=C:\Program Files\Java\jdk-19
PATH=C:/Program Files/Java/jdk-19/bin/server;C:/Program Files/Java/jdk-19/bin;C:\Program Files\Common Files\Oracle\Java\javapath;C:\WINDOWS\system32;C:\WINDOWS;C:\WINDOWS\System32\Wbem;C:\WINDOWS\System32\WindowsPowerShell\v1.0\;C:\WINDOWS\System32\OpenSSH\;C:\Program Files\Java\jdk-19\bin;C:\Program Files\Git\cmd;C:\Program Files\MySQL\MySQL Shell 8.0\bin\;C:\Users\maria\AppData\Local\Microsoft\WindowsApps;C:\Users\maria\AppData\Local\Programs\Microsoft VS Code\bin;C:\Users\maria\AppData\Local\GitHubDesktop\bin;C:\Users\maria\OneDrive\Área de Trabalho;
USERNAME=maria
OS=Windows_NT
PROCESSOR_IDENTIFIER=Intel64 Family 6 Model 122 Stepping 8, GenuineIntel
TMP=C:\Users\maria\AppData\Local\Temp
TEMP=C:\Users\maria\AppData\Local\Temp



---------------  S Y S T E M  ---------------

OS:
 Windows 11 , 64 bit Build 22621 (10.0.22621.2070)
OS uptime: 2 days 18:57 hours

CPU: total 2 (initial active 2) (2 cores per cpu, 1 threads per core) family 6 model 122 stepping 8 microcode 0x1a, cx8, cmov, fxsr, mmx, 3dnowpref, sse, sse2, sse3, ssse3, sse4.1, sse4.2, popcnt, tsc, tscinvbit, aes, erms, clmul, sha, clflush, clflushopt, rdtscp, rdpid

Memory: 4k page, system-wide physical 3737M (292M free)
TotalPageFile size 15001M (AvailPageFile size 5M)
current process WorkingSet (physical memory assigned to process): 72M, peak: 72M
current process commit charge ("private bytes"): 146M, peak: 147M

vm_info: Java HotSpot(TM) 64-Bit Server VM (19.0.2+7-44) for windows-amd64 JRE (19.0.2+7-44), built on 2022-11-30T18:02:09Z by "mach5one" with MS VC++ 17.1 (VS2022)

END.
